::1 - - [13/Jul/2018:09:42:13 +0300] "GET / HTTP/1.1" 200 6604
::1 - - [13/Jul/2018:09:42:13 +0300] "GET /ism/image/slides/front.png HTTP/1.1" 200 520616
::1 - - [13/Jul/2018:09:42:13 +0300] "GET /vendor/bootstrap/css/bootstrap.min.css HTTP/1.1" 200 140930
::1 - - [13/Jul/2018:09:42:13 +0300] "GET /ism/image/slides/install.png HTTP/1.1" 200 477608
::1 - - [13/Jul/2018:09:42:13 +0300] "GET /ism/css/my-slider.css HTTP/1.1" 200 17104
::1 - - [13/Jul/2018:09:42:13 +0300] "GET /ism/image/slides/renew.png HTTP/1.1" 200 457785
::1 - - [13/Jul/2018:09:42:13 +0300] "GET /ism/image/slides/hotspot.png HTTP/1.1" 200 499955
::1 - - [13/Jul/2018:09:42:13 +0300] "GET /css/heroic-features.css HTTP/1.1" 200 384
::1 - - [13/Jul/2018:09:42:13 +0300] "GET /image/cloud.png HTTP/1.1" 200 29818
::1 - - [13/Jul/2018:09:42:13 +0300] "GET /image/sclogo.png HTTP/1.1" 200 20042
::1 - - [13/Jul/2018:09:42:13 +0300] "GET /image/home.png HTTP/1.1" 200 28753
::1 - - [13/Jul/2018:09:42:13 +0300] "GET /image/router.png HTTP/1.1" 200 28388
::1 - - [13/Jul/2018:09:42:13 +0300] "GET /ism/js/ism-2.2.min.js HTTP/1.1" 304 -
::1 - - [13/Jul/2018:09:42:13 +0300] "GET /favicon.ico HTTP/1.1" 404 209
::1 - - [13/Jul/2018:09:42:13 +0300] "GET /favicon.ico HTTP/1.1" 404 209
::1 - - [13/Jul/2018:09:54:59 +0300] "GET /image/sclogo.png HTTP/1.1" 304 -
::1 - - [13/Jul/2018:09:54:59 +0300] "GET /ism/css/my-slider.css HTTP/1.1" 200 17104
::1 - - [13/Jul/2018:09:54:59 +0300] "GET /image/router.png HTTP/1.1" 304 -
::1 - - [13/Jul/2018:09:54:59 +0300] "GET /image/cloud.png HTTP/1.1" 304 -
::1 - - [13/Jul/2018:09:54:59 +0300] "GET /image/home.png HTTP/1.1" 304 -
192.168.20.11 - - [13/Jul/2018:10:13:08 +0300] "GET / HTTP/1.1" 200 6604
192.168.20.11 - - [13/Jul/2018:10:13:08 +0300] "GET /vendor/bootstrap/css/bootstrap.min.css HTTP/1.1" 200 140930
192.168.20.11 - - [13/Jul/2018:10:13:08 +0300] "GET /ism/css/my-slider.css HTTP/1.1" 200 17104
192.168.20.11 - - [13/Jul/2018:10:13:08 +0300] "GET /css/heroic-features.css HTTP/1.1" 200 384
192.168.20.11 - - [13/Jul/2018:10:13:08 +0300] "GET /image/sclogo.png HTTP/1.1" 200 20042
192.168.20.11 - - [13/Jul/2018:10:13:08 +0300] "GET /ism/image/slides/renew.png HTTP/1.1" 200 457785
192.168.20.11 - - [13/Jul/2018:10:13:08 +0300] "GET /ism/image/slides/front.png HTTP/1.1" 200 520616
192.168.20.11 - - [13/Jul/2018:10:13:08 +0300] "GET /image/router.png HTTP/1.1" 200 28388
192.168.20.11 - - [13/Jul/2018:10:13:08 +0300] "GET /ism/image/slides/hotspot.png HTTP/1.1" 200 499955
192.168.20.11 - - [13/Jul/2018:10:13:08 +0300] "GET /ism/image/slides/install.png HTTP/1.1" 200 477608
192.168.20.11 - - [13/Jul/2018:10:13:08 +0300] "GET /image/cloud.png HTTP/1.1" 200 29818
192.168.20.11 - - [13/Jul/2018:10:13:08 +0300] "GET /ism/js/ism-2.2.min.js HTTP/1.1" 304 -
192.168.20.11 - - [13/Jul/2018:10:13:08 +0300] "GET /image/home.png HTTP/1.1" 200 28753
192.168.20.11 - - [13/Jul/2018:10:13:09 +0300] "GET /favicon.ico HTTP/1.1" 404 209
192.168.20.11 - - [13/Jul/2018:10:14:16 +0300] "GET /hotspot.html HTTP/1.1" 200 20398
192.168.20.11 - - [13/Jul/2018:10:14:16 +0300] "GET /ism/css/my-slider.css HTTP/1.1" 304 -
192.168.20.11 - - [13/Jul/2018:10:14:16 +0300] "GET /image/gr.png HTTP/1.1" 304 -
192.168.20.11 - - [13/Jul/2018:10:14:16 +0300] "GET /image/sclogo.png HTTP/1.1" 200 20042
192.168.20.11 - - [13/Jul/2018:10:14:16 +0300] "GET /image/yr.png HTTP/1.1" 304 -
192.168.20.11 - - [13/Jul/2018:10:14:16 +0300] "GET /image/or.png HTTP/1.1" 304 -
192.168.20.11 - - [13/Jul/2018:10:14:16 +0300] "GET /image/rr.png HTTP/1.1" 304 -
192.168.20.11 - - [13/Jul/2018:10:14:16 +0300] "GET /favicon.ico HTTP/1.1" 404 209
192.168.20.11 - - [13/Jul/2018:10:14:55 +0300] "GET /index.html HTTP/1.1" 200 6604
192.168.20.11 - - [13/Jul/2018:10:14:55 +0300] "GET /image/sclogo.png HTTP/1.1" 200 20042
192.168.20.11 - - [13/Jul/2018:10:14:55 +0300] "GET /favicon.ico HTTP/1.1" 404 209
192.168.20.11 - - [13/Jul/2018:10:14:58 +0300] "GET /renewal.html HTTP/1.1" 200 61008
192.168.20.11 - - [13/Jul/2018:10:14:58 +0300] "GET /image/sclogo.png HTTP/1.1" 200 20042
192.168.20.11 - - [13/Jul/2018:10:15:08 +0300] "GET /renewal.html HTTP/1.1" 200 61008
192.168.20.11 - - [13/Jul/2018:10:15:08 +0300] "GET /image/sclogo.png HTTP/1.1" 304 -
192.168.20.11 - - [13/Jul/2018:10:15:14 +0300] "GET /index.html HTTP/1.1" 200 6604
::1 - - [13/Jul/2018:10:27:19 +0300] "GET /renewal.html HTTP/1.1" 200 61008
::1 - - [13/Jul/2018:10:27:19 +0300] "GET /vendor/bootstrap/css/bootstrap.min.css HTTP/1.1" 200 140930
::1 - - [13/Jul/2018:10:27:19 +0300] "GET /ism/css/my-slider.css HTTP/1.1" 200 17104
::1 - - [13/Jul/2018:10:27:19 +0300] "GET /css/heroic-features.css HTTP/1.1" 200 384
::1 - - [13/Jul/2018:10:27:19 +0300] "GET /image/gr.png HTTP/1.1" 200 30414
::1 - - [13/Jul/2018:10:27:19 +0300] "GET /image/rr.png HTTP/1.1" 200 36500
::1 - - [13/Jul/2018:10:27:19 +0300] "GET /image/yr.png HTTP/1.1" 200 33776
::1 - - [13/Jul/2018:10:27:19 +0300] "GET /image/or.png HTTP/1.1" 200 35794
::1 - - [13/Jul/2018:10:27:28 +0300] "GET /index.html HTTP/1.1" 200 6604
::1 - - [13/Jul/2018:10:27:28 +0300] "GET /ism/css/my-slider.css HTTP/1.1" 304 -
::1 - - [13/Jul/2018:10:27:32 +0300] "GET /hotspot.html HTTP/1.1" 200 20398
::1 - - [13/Jul/2018:10:27:32 +0300] "GET /image/gr.png HTTP/1.1" 304 -
::1 - - [13/Jul/2018:10:28:29 +0300] "GET /hotspot.html HTTP/1.1" 200 20398
::1 - - [13/Jul/2018:10:28:45 +0300] "GET /index.html HTTP/1.1" 200 6604
::1 - - [13/Jul/2018:10:29:05 +0300] "GET /install.html HTTP/1.1" 200 7997
::1 - - [13/Jul/2018:10:30:39 +0300] "GET /renewal.html HTTP/1.1" 200 61006
::1 - - [13/Jul/2018:10:30:39 +0300] "GET /vendor/bootstrap/css/bootstrap.min.css HTTP/1.1" 304 -
::1 - - [13/Jul/2018:10:30:39 +0300] "GET /ism/css/my-slider.css HTTP/1.1" 304 -
::1 - - [13/Jul/2018:10:30:39 +0300] "GET /ism/js/ism-2.2.min.js HTTP/1.1" 304 -
::1 - - [13/Jul/2018:10:30:39 +0300] "GET /css/heroic-features.css HTTP/1.1" 304 -
::1 - - [13/Jul/2018:10:30:39 +0300] "GET /vendor/jquery/jquery.min.js HTTP/1.1" 304 -
::1 - - [13/Jul/2018:10:30:39 +0300] "GET /vendor/bootstrap/js/bootstrap.bundle.min.js HTTP/1.1" 304 -
::1 - - [13/Jul/2018:10:30:39 +0300] "GET /image/sclogo.png HTTP/1.1" 304 -
::1 - - [13/Jul/2018:10:30:39 +0300] "GET /ism/image/slides/renew.png HTTP/1.1" 304 -
::1 - - [13/Jul/2018:10:30:39 +0300] "GET /ism/image/slides/front.png HTTP/1.1" 304 -
::1 - - [13/Jul/2018:10:30:39 +0300] "GET /ism/image/slides/install.png HTTP/1.1" 304 -
::1 - - [13/Jul/2018:10:30:39 +0300] "GET /ism/image/slides/hotspot.png HTTP/1.1" 304 -
::1 - - [13/Jul/2018:10:30:39 +0300] "GET /image/gr.png HTTP/1.1" 304 -
::1 - - [13/Jul/2018:10:30:39 +0300] "GET /image/yr.png HTTP/1.1" 304 -
::1 - - [13/Jul/2018:10:30:39 +0300] "GET /image/or.png HTTP/1.1" 304 -
::1 - - [13/Jul/2018:10:30:39 +0300] "GET /image/rr.png HTTP/1.1" 304 -
::1 - - [13/Jul/2018:10:30:40 +0300] "GET /renewal.html HTTP/1.1" 304 -
::1 - - [13/Jul/2018:10:30:45 +0300] "GET /install.html HTTP/1.1" 200 7997
::1 - - [13/Jul/2018:10:30:56 +0300] "GET /tutorial.html HTTP/1.1" 200 4215
::1 - - [13/Jul/2018:10:31:01 +0300] "GET /tutorial.html HTTP/1.1" 200 4215
::1 - - [13/Jul/2018:10:31:01 +0300] "GET /contact.html HTTP/1.1" 200 4211
::1 - - [13/Jul/2018:10:31:03 +0300] "GET /about.html HTTP/1.1" 200 4211
::1 - - [13/Jul/2018:10:36:14 +0300] "GET /index.html HTTP/1.1" 200 6604
::1 - - [13/Jul/2018:10:43:46 +0300] "GET /index.html HTTP/1.1" 200 6604
::1 - - [13/Jul/2018:10:43:47 +0300] "GET /vendor/bootstrap/css/bootstrap.min.css HTTP/1.1" 304 -
::1 - - [13/Jul/2018:10:43:47 +0300] "GET /ism/css/my-slider.css HTTP/1.1" 304 -
::1 - - [13/Jul/2018:10:43:47 +0300] "GET /ism/js/ism-2.2.min.js HTTP/1.1" 304 -
::1 - - [13/Jul/2018:10:43:47 +0300] "GET /css/heroic-features.css HTTP/1.1" 304 -
::1 - - [13/Jul/2018:10:43:47 +0300] "GET /vendor/jquery/jquery.min.js HTTP/1.1" 304 -
::1 - - [13/Jul/2018:10:43:47 +0300] "GET /vendor/bootstrap/js/bootstrap.bundle.min.js HTTP/1.1" 304 -
::1 - - [13/Jul/2018:10:43:47 +0300] "GET /image/sclogo.png HTTP/1.1" 200 20042
::1 - - [13/Jul/2018:10:43:47 +0300] "GET /image/cloud.png HTTP/1.1" 200 29818
::1 - - [13/Jul/2018:10:43:47 +0300] "GET /image/router.png HTTP/1.1" 200 28388
::1 - - [13/Jul/2018:10:43:47 +0300] "GET /image/home.png HTTP/1.1" 200 28753
::1 - - [13/Jul/2018:10:43:47 +0300] "GET /ism/image/slides/front.png HTTP/1.1" 304 -
::1 - - [13/Jul/2018:10:43:47 +0300] "GET /ism/image/slides/install.png HTTP/1.1" 304 -
::1 - - [13/Jul/2018:10:43:47 +0300] "GET /ism/image/slides/renew.png HTTP/1.1" 304 -
::1 - - [13/Jul/2018:10:43:49 +0300] "GET /hotspot.html HTTP/1.1" 200 20257
::1 - - [13/Jul/2018:10:43:49 +0300] "GET /ism/image/slides/hotspot.png HTTP/1.1" 304 -
::1 - - [13/Jul/2018:10:43:49 +0300] "GET /vendor/bootstrap/css/bootstrap.min.css HTTP/1.1" 200 140930
::1 - - [13/Jul/2018:10:43:50 +0300] "GET /image/yr.png HTTP/1.1" 200 33776
::1 - - [13/Jul/2018:10:43:50 +0300] "GET /image/gr.png HTTP/1.1" 200 30414
::1 - - [13/Jul/2018:10:43:50 +0300] "GET /image/or.png HTTP/1.1" 200 35794
::1 - - [13/Jul/2018:10:43:50 +0300] "GET /image/rr.png HTTP/1.1" 200 36500
::1 - - [13/Jul/2018:10:44:37 +0300] "GET /hotspot.html HTTP/1.1" 200 20257
::1 - - [13/Jul/2018:10:44:37 +0300] "GET /vendor/bootstrap/css/bootstrap.min.css HTTP/1.1" 304 -
::1 - - [13/Jul/2018:10:44:37 +0300] "GET /ism/css/my-slider.css HTTP/1.1" 304 -
::1 - - [13/Jul/2018:10:44:37 +0300] "GET /css/heroic-features.css HTTP/1.1" 304 -
::1 - - [13/Jul/2018:10:44:37 +0300] "GET /ism/js/ism-2.2.min.js HTTP/1.1" 304 -
::1 - - [13/Jul/2018:10:44:37 +0300] "GET /vendor/jquery/jquery.min.js HTTP/1.1" 304 -
::1 - - [13/Jul/2018:10:44:37 +0300] "GET /vendor/bootstrap/js/bootstrap.bundle.min.js HTTP/1.1" 304 -
::1 - - [13/Jul/2018:10:44:37 +0300] "GET /image/sclogo.png HTTP/1.1" 200 20042
::1 - - [13/Jul/2018:10:44:37 +0300] "GET /ism/image/slides/hotspot.png HTTP/1.1" 304 -
::1 - - [13/Jul/2018:10:44:37 +0300] "GET /ism/image/slides/install.png HTTP/1.1" 304 -
::1 - - [13/Jul/2018:10:44:37 +0300] "GET /ism/image/slides/renew.png HTTP/1.1" 304 -
::1 - - [13/Jul/2018:10:44:37 +0300] "GET /ism/image/slides/front.png HTTP/1.1" 304 -
::1 - - [13/Jul/2018:10:44:37 +0300] "GET /image/gr.png HTTP/1.1" 200 30414
::1 - - [13/Jul/2018:10:44:37 +0300] "GET /image/yr.png HTTP/1.1" 200 33776
::1 - - [13/Jul/2018:10:44:37 +0300] "GET /image/or.png HTTP/1.1" 200 35794
::1 - - [13/Jul/2018:10:44:37 +0300] "GET /image/rr.png HTTP/1.1" 200 36500
::1 - - [13/Jul/2018:10:44:41 +0300] "GET /renewal.html HTTP/1.1" 200 61006
::1 - - [13/Jul/2018:10:44:43 +0300] "GET /hotspot.html HTTP/1.1" 200 20257
::1 - - [13/Jul/2018:10:44:43 +0300] "GET /vendor/bootstrap/css/bootstrap.min.css HTTP/1.1" 200 140930
::1 - - [13/Jul/2018:10:44:43 +0300] "GET /css/heroic-features.css HTTP/1.1" 200 384
::1 - - [13/Jul/2018:10:44:43 +0300] "GET /ism/css/my-slider.css HTTP/1.1" 200 17104
::1 - - [13/Jul/2018:10:44:43 +0300] "GET /image/sclogo.png HTTP/1.1" 200 20042
::1 - - [13/Jul/2018:10:44:43 +0300] "GET /image/gr.png HTTP/1.1" 200 30414
::1 - - [13/Jul/2018:10:44:43 +0300] "GET /image/or.png HTTP/1.1" 200 35794
::1 - - [13/Jul/2018:10:44:43 +0300] "GET /image/yr.png HTTP/1.1" 200 33776
::1 - - [13/Jul/2018:10:44:43 +0300] "GET /image/rr.png HTTP/1.1" 200 36500
::1 - - [13/Jul/2018:10:44:48 +0300] "GET /hotspot.html HTTP/1.1" 304 -
::1 - - [13/Jul/2018:10:44:54 +0300] "GET /image/home.png HTTP/1.1" 200 28753
::1 - - [13/Jul/2018:10:44:54 +0300] "GET /image/router.png HTTP/1.1" 200 28388
::1 - - [13/Jul/2018:10:44:54 +0300] "GET /image/cloud.png HTTP/1.1" 200 29818
::1 - - [13/Jul/2018:10:59:09 +0300] "GET /index.html HTTP/1.1" 200 6604
::1 - - [13/Jul/2018:10:59:09 +0300] "GET /vendor/bootstrap/css/bootstrap.min.css HTTP/1.1" 200 140930
::1 - - [13/Jul/2018:10:59:09 +0300] "GET /ism/css/my-slider.css HTTP/1.1" 200 17104
::1 - - [13/Jul/2018:10:59:09 +0300] "GET /css/heroic-features.css HTTP/1.1" 200 384
::1 - - [13/Jul/2018:10:59:09 +0300] "GET /image/sclogo.png HTTP/1.1" 200 20042
::1 - - [13/Jul/2018:10:59:09 +0300] "GET /image/cloud.png HTTP/1.1" 200 29818
::1 - - [13/Jul/2018:10:59:09 +0300] "GET /image/router.png HTTP/1.1" 200 28388
::1 - - [13/Jul/2018:10:59:09 +0300] "GET /image/home.png HTTP/1.1" 200 28753
::1 - - [13/Jul/2018:10:59:11 +0300] "GET /hotspot.html HTTP/1.1" 200 20396
::1 - - [13/Jul/2018:10:59:12 +0300] "GET /vendor/bootstrap/css/bootstrap.min.css HTTP/1.1" 200 140930
::1 - - [13/Jul/2018:10:59:12 +0300] "GET /ism/css/my-slider.css HTTP/1.1" 200 17104
::1 - - [13/Jul/2018:10:59:12 +0300] "GET /css/heroic-features.css HTTP/1.1" 200 384
::1 - - [13/Jul/2018:10:59:12 +0300] "GET /image/sclogo.png HTTP/1.1" 200 20042
::1 - - [13/Jul/2018:10:59:12 +0300] "GET /image/gr.png HTTP/1.1" 200 30414
::1 - - [13/Jul/2018:10:59:12 +0300] "GET /image/yr.png HTTP/1.1" 200 33776
::1 - - [13/Jul/2018:10:59:12 +0300] "GET /image/or.png HTTP/1.1" 200 35794
::1 - - [13/Jul/2018:10:59:12 +0300] "GET /image/rr.png HTTP/1.1" 200 36500
::1 - - [13/Jul/2018:10:59:15 +0300] "GET /renewal.html HTTP/1.1" 200 61006
::1 - - [13/Jul/2018:10:59:17 +0300] "GET /install.html HTTP/1.1" 200 8138
::1 - - [13/Jul/2018:10:59:17 +0300] "GET /css/heroic-features.css HTTP/1.1" 200 384
::1 - - [13/Jul/2018:10:59:17 +0300] "GET /ism/css/my-slider.css HTTP/1.1" 200 17104
::1 - - [13/Jul/2018:10:59:17 +0300] "GET /image/sclogo.png HTTP/1.1" 200 20042
::1 - - [13/Jul/2018:10:59:17 +0300] "GET /image/home.png HTTP/1.1" 200 28753
::1 - - [13/Jul/2018:10:59:24 +0300] "GET /renewal.html HTTP/1.1" 200 61006
::1 - - [13/Jul/2018:10:59:24 +0300] "GET /image/gr.png HTTP/1.1" 200 30414
::1 - - [13/Jul/2018:10:59:24 +0300] "GET /image/yr.png HTTP/1.1" 200 33776
::1 - - [13/Jul/2018:10:59:24 +0300] "GET /image/or.png HTTP/1.1" 200 35794
::1 - - [13/Jul/2018:10:59:24 +0300] "GET /image/rr.png HTTP/1.1" 200 36500
::1 - - [13/Jul/2018:10:59:27 +0300] "GET /install.html HTTP/1.1" 200 8138
::1 - - [13/Jul/2018:10:59:27 +0300] "GET /ism/css/my-slider.css HTTP/1.1" 200 17104
::1 - - [13/Jul/2018:10:59:27 +0300] "GET /css/heroic-features.css HTTP/1.1" 200 384
::1 - - [13/Jul/2018:10:59:27 +0300] "GET /image/home.png HTTP/1.1" 200 28753
::1 - - [13/Jul/2018:10:59:34 +0300] "GET /css/heroic-features.css HTTP/1.1" 200 384
::1 - - [13/Jul/2018:10:59:34 +0300] "GET /ism/css/my-slider.css HTTP/1.1" 200 17104
::1 - - [13/Jul/2018:10:59:34 +0300] "GET /image/sclogo.png HTTP/1.1" 200 20042
::1 - - [13/Jul/2018:10:59:36 +0300] "GET /install.html HTTP/1.1" 200 8138
::1 - - [13/Jul/2018:10:59:36 +0300] "GET /image/home.png HTTP/1.1" 200 28753
::1 - - [13/Jul/2018:11:00:42 +0300] "GET /renewal.html HTTP/1.1" 200 61006
::1 - - [13/Jul/2018:11:00:42 +0300] "GET /vendor/bootstrap/css/bootstrap.min.css HTTP/1.1" 200 140930
::1 - - [13/Jul/2018:11:00:42 +0300] "GET /ism/css/my-slider.css HTTP/1.1" 200 17104
::1 - - [13/Jul/2018:11:00:42 +0300] "GET /ism/js/ism-2.2.min.js HTTP/1.1" 200 27296
::1 - - [13/Jul/2018:11:00:42 +0300] "GET /css/heroic-features.css HTTP/1.1" 200 384
::1 - - [13/Jul/2018:11:00:42 +0300] "GET /image/sclogo.png HTTP/1.1" 200 20042
::1 - - [13/Jul/2018:11:00:42 +0300] "GET /ism/image/slides/front.png HTTP/1.1" 200 520616
::1 - - [13/Jul/2018:11:00:42 +0300] "GET /ism/image/slides/install.png HTTP/1.1" 200 477608
::1 - - [13/Jul/2018:11:00:42 +0300] "GET /ism/image/slides/renew.png HTTP/1.1" 200 457785
::1 - - [13/Jul/2018:11:00:42 +0300] "GET /image/gr.png HTTP/1.1" 200 30414
::1 - - [13/Jul/2018:11:00:42 +0300] "GET /image/yr.png HTTP/1.1" 200 33776
::1 - - [13/Jul/2018:11:00:42 +0300] "GET /image/or.png HTTP/1.1" 200 35794
::1 - - [13/Jul/2018:11:00:42 +0300] "GET /ism/image/slides/hotspot.png HTTP/1.1" 200 499955
::1 - - [13/Jul/2018:11:00:42 +0300] "GET /image/rr.png HTTP/1.1" 200 36500
::1 - - [13/Jul/2018:11:00:42 +0300] "GET /vendor/bootstrap/js/bootstrap.bundle.min.js HTTP/1.1" 200 70682
::1 - - [13/Jul/2018:11:00:42 +0300] "GET /vendor/jquery/jquery.min.js HTTP/1.1" 200 86927
::1 - - [13/Jul/2018:11:00:50 +0300] "GET /renewal.html HTTP/1.1" 200 61056
::1 - - [13/Jul/2018:11:00:50 +0300] "GET /image/gr.png HTTP/1.1" 200 30414
::1 - - [13/Jul/2018:11:00:50 +0300] "GET /image/yr.png HTTP/1.1" 200 33776
::1 - - [13/Jul/2018:11:00:50 +0300] "GET /image/or.png HTTP/1.1" 200 35794
::1 - - [13/Jul/2018:11:00:50 +0300] "GET /image/rr.png HTTP/1.1" 200 36500
::1 - - [13/Jul/2018:11:06:29 +0300] "GET /renewal.html HTTP/1.1" 200 61285
::1 - - [13/Jul/2018:11:06:30 +0300] "GET /ism/js/ism-2.2.min.js HTTP/1.1" 304 -
::1 - - [13/Jul/2018:11:06:30 +0300] "GET /vendor/jquery/jquery.min.js HTTP/1.1" 304 -
::1 - - [13/Jul/2018:11:06:30 +0300] "GET /vendor/bootstrap/js/bootstrap.bundle.min.js HTTP/1.1" 304 -
::1 - - [13/Jul/2018:11:06:30 +0300] "GET /vendor/bootstrap/css/bootstrap.min.css HTTP/1.1" 200 140930
::1 - - [13/Jul/2018:11:06:30 +0300] "GET /ism/css/my-slider.css HTTP/1.1" 200 17104
::1 - - [13/Jul/2018:11:06:30 +0300] "GET /css/heroic-features.css HTTP/1.1" 200 384
::1 - - [13/Jul/2018:11:06:30 +0300] "GET /image/sclogo.png HTTP/1.1" 200 20042
::1 - - [13/Jul/2018:11:06:30 +0300] "GET /ism/image/slides/renew.png HTTP/1.1" 304 -
::1 - - [13/Jul/2018:11:06:30 +0300] "GET /ism/image/slides/front.png HTTP/1.1" 304 -
::1 - - [13/Jul/2018:11:06:30 +0300] "GET /image/gr.png HTTP/1.1" 200 30414
::1 - - [13/Jul/2018:11:06:30 +0300] "GET /image/yr.png HTTP/1.1" 200 33776
::1 - - [13/Jul/2018:11:06:30 +0300] "GET /image/rr.png HTTP/1.1" 200 36500
::1 - - [13/Jul/2018:11:06:30 +0300] "GET /image/or.png HTTP/1.1" 200 35794
::1 - - [13/Jul/2018:11:06:30 +0300] "GET /ism/image/slides/install.png HTTP/1.1" 304 -
::1 - - [13/Jul/2018:11:06:30 +0300] "GET /ism/image/slides/hotspot.png HTTP/1.1" 304 -
::1 - - [13/Jul/2018:11:09:33 +0300] "GET /renewal.html HTTP/1.1" 200 61341
::1 - - [13/Jul/2018:11:09:33 +0300] "GET /vendor/bootstrap/css/bootstrap.min.css HTTP/1.1" 304 -
::1 - - [13/Jul/2018:11:09:33 +0300] "GET /ism/js/ism-2.2.min.js HTTP/1.1" 304 -
::1 - - [13/Jul/2018:11:09:33 +0300] "GET /vendor/jquery/jquery.min.js HTTP/1.1" 304 -
::1 - - [13/Jul/2018:11:09:33 +0300] "GET /ism/css/my-slider.css HTTP/1.1" 304 -
::1 - - [13/Jul/2018:11:09:33 +0300] "GET /css/heroic-features.css HTTP/1.1" 304 -
::1 - - [13/Jul/2018:11:09:33 +0300] "GET /vendor/bootstrap/js/bootstrap.bundle.min.js HTTP/1.1" 304 -
::1 - - [13/Jul/2018:11:09:33 +0300] "GET /image/sclogo.png HTTP/1.1" 304 -
::1 - - [13/Jul/2018:11:09:33 +0300] "GET /ism/image/slides/renew.png HTTP/1.1" 304 -
::1 - - [13/Jul/2018:11:09:33 +0300] "GET /ism/image/slides/front.png HTTP/1.1" 304 -
::1 - - [13/Jul/2018:11:09:33 +0300] "GET /ism/image/slides/install.png HTTP/1.1" 304 -
::1 - - [13/Jul/2018:11:09:33 +0300] "GET /ism/image/slides/hotspot.png HTTP/1.1" 304 -
::1 - - [13/Jul/2018:11:09:33 +0300] "GET /image/gr.png HTTP/1.1" 304 -
::1 - - [13/Jul/2018:11:09:33 +0300] "GET /image/yr.png HTTP/1.1" 304 -
::1 - - [13/Jul/2018:11:09:33 +0300] "GET /image/or.png HTTP/1.1" 304 -
::1 - - [13/Jul/2018:11:09:33 +0300] "GET /image/rr.png HTTP/1.1" 304 -
::1 - - [13/Jul/2018:11:10:02 +0300] "GET /renewal.html HTTP/1.1" 200 61341
::1 - - [13/Jul/2018:11:10:02 +0300] "GET /vendor/bootstrap/css/bootstrap.min.css HTTP/1.1" 304 -
::1 - - [13/Jul/2018:11:10:02 +0300] "GET /vendor/jquery/jquery.min.js HTTP/1.1" 304 -
::1 - - [13/Jul/2018:11:10:02 +0300] "GET /css/heroic-features.css HTTP/1.1" 304 -
::1 - - [13/Jul/2018:11:10:02 +0300] "GET /ism/js/ism-2.2.min.js HTTP/1.1" 304 -
::1 - - [13/Jul/2018:11:10:02 +0300] "GET /ism/css/my-slider.css HTTP/1.1" 304 -
::1 - - [13/Jul/2018:11:10:02 +0300] "GET /vendor/bootstrap/js/bootstrap.bundle.min.js HTTP/1.1" 304 -
::1 - - [13/Jul/2018:11:10:02 +0300] "GET /image/sclogo.png HTTP/1.1" 304 -
::1 - - [13/Jul/2018:11:10:02 +0300] "GET /ism/image/slides/renew.png HTTP/1.1" 304 -
::1 - - [13/Jul/2018:11:10:02 +0300] "GET /ism/image/slides/front.png HTTP/1.1" 304 -
::1 - - [13/Jul/2018:11:10:02 +0300] "GET /ism/image/slides/install.png HTTP/1.1" 304 -
::1 - - [13/Jul/2018:11:10:02 +0300] "GET /ism/image/slides/hotspot.png HTTP/1.1" 304 -
::1 - - [13/Jul/2018:11:10:02 +0300] "GET /image/gr.png HTTP/1.1" 304 -
::1 - - [13/Jul/2018:11:10:02 +0300] "GET /image/yr.png HTTP/1.1" 304 -
::1 - - [13/Jul/2018:11:10:02 +0300] "GET /image/or.png HTTP/1.1" 304 -
::1 - - [13/Jul/2018:11:10:02 +0300] "GET /image/rr.png HTTP/1.1" 304 -
::1 - - [13/Jul/2018:11:11:00 +0300] "GET /renewal.html HTTP/1.1" 304 -
::1 - - [13/Jul/2018:11:11:00 +0300] "GET /vendor/bootstrap/css/bootstrap.min.css HTTP/1.1" 304 -
::1 - - [13/Jul/2018:11:11:00 +0300] "GET /ism/js/ism-2.2.min.js HTTP/1.1" 304 -
::1 - - [13/Jul/2018:11:11:00 +0300] "GET /vendor/jquery/jquery.min.js HTTP/1.1" 304 -
::1 - - [13/Jul/2018:11:11:00 +0300] "GET /ism/css/my-slider.css HTTP/1.1" 304 -
::1 - - [13/Jul/2018:11:11:00 +0300] "GET /css/heroic-features.css HTTP/1.1" 304 -
::1 - - [13/Jul/2018:11:11:00 +0300] "GET /vendor/bootstrap/js/bootstrap.bundle.min.js HTTP/1.1" 304 -
::1 - - [13/Jul/2018:11:11:00 +0300] "GET /image/sclogo.png HTTP/1.1" 304 -
::1 - - [13/Jul/2018:11:11:00 +0300] "GET /ism/image/slides/renew.png HTTP/1.1" 304 -
::1 - - [13/Jul/2018:11:11:00 +0300] "GET /ism/image/slides/front.png HTTP/1.1" 304 -
::1 - - [13/Jul/2018:11:11:00 +0300] "GET /ism/image/slides/install.png HTTP/1.1" 304 -
::1 - - [13/Jul/2018:11:11:00 +0300] "GET /image/gr.png HTTP/1.1" 304 -
::1 - - [13/Jul/2018:11:11:00 +0300] "GET /ism/image/slides/hotspot.png HTTP/1.1" 304 -
::1 - - [13/Jul/2018:11:11:00 +0300] "GET /image/yr.png HTTP/1.1" 304 -
::1 - - [13/Jul/2018:11:11:00 +0300] "GET /image/or.png HTTP/1.1" 304 -
::1 - - [13/Jul/2018:11:11:00 +0300] "GET /image/rr.png HTTP/1.1" 304 -
::1 - - [13/Jul/2018:11:12:07 +0300] "GET /renewal.html HTTP/1.1" 200 61367
::1 - - [13/Jul/2018:11:12:08 +0300] "GET /vendor/bootstrap/css/bootstrap.min.css HTTP/1.1" 304 -
::1 - - [13/Jul/2018:11:12:08 +0300] "GET /ism/js/ism-2.2.min.js HTTP/1.1" 304 -
::1 - - [13/Jul/2018:11:12:08 +0300] "GET /css/heroic-features.css HTTP/1.1" 304 -
::1 - - [13/Jul/2018:11:12:08 +0300] "GET /ism/css/my-slider.css HTTP/1.1" 304 -
::1 - - [13/Jul/2018:11:12:08 +0300] "GET /vendor/jquery/jquery.min.js HTTP/1.1" 304 -
::1 - - [13/Jul/2018:11:12:08 +0300] "GET /vendor/bootstrap/js/bootstrap.bundle.min.js HTTP/1.1" 304 -
::1 - - [13/Jul/2018:11:12:08 +0300] "GET /image/sclogo.png HTTP/1.1" 304 -
::1 - - [13/Jul/2018:11:12:08 +0300] "GET /ism/image/slides/renew.png HTTP/1.1" 304 -
::1 - - [13/Jul/2018:11:12:08 +0300] "GET /ism/image/slides/front.png HTTP/1.1" 304 -
::1 - - [13/Jul/2018:11:12:08 +0300] "GET /ism/image/slides/install.png HTTP/1.1" 304 -
::1 - - [13/Jul/2018:11:12:08 +0300] "GET /ism/image/slides/hotspot.png HTTP/1.1" 304 -
::1 - - [13/Jul/2018:11:12:08 +0300] "GET /image/gr.png HTTP/1.1" 304 -
::1 - - [13/Jul/2018:11:12:08 +0300] "GET /image/yr.png HTTP/1.1" 304 -
::1 - - [13/Jul/2018:11:12:08 +0300] "GET /image/or.png HTTP/1.1" 304 -
::1 - - [13/Jul/2018:11:12:08 +0300] "GET /image/rr.png HTTP/1.1" 304 -
::1 - - [13/Jul/2018:11:14:52 +0300] "GET /renewal.html HTTP/1.1" 200 61473
::1 - - [13/Jul/2018:11:14:52 +0300] "GET /vendor/bootstrap/css/bootstrap.min.css HTTP/1.1" 304 -
::1 - - [13/Jul/2018:11:14:52 +0300] "GET /ism/css/my-slider.css HTTP/1.1" 304 -
::1 - - [13/Jul/2018:11:14:52 +0300] "GET /ism/js/ism-2.2.min.js HTTP/1.1" 304 -
::1 - - [13/Jul/2018:11:14:52 +0300] "GET /css/heroic-features.css HTTP/1.1" 304 -
::1 - - [13/Jul/2018:11:14:52 +0300] "GET /vendor/jquery/jquery.min.js HTTP/1.1" 304 -
::1 - - [13/Jul/2018:11:14:52 +0300] "GET /vendor/bootstrap/js/bootstrap.bundle.min.js HTTP/1.1" 304 -
::1 - - [13/Jul/2018:11:14:52 +0300] "GET /image/sclogo.png HTTP/1.1" 304 -
::1 - - [13/Jul/2018:11:14:52 +0300] "GET /ism/image/slides/renew.png HTTP/1.1" 304 -
::1 - - [13/Jul/2018:11:14:52 +0300] "GET /ism/image/slides/front.png HTTP/1.1" 304 -
::1 - - [13/Jul/2018:11:14:52 +0300] "GET /ism/image/slides/install.png HTTP/1.1" 304 -
::1 - - [13/Jul/2018:11:14:52 +0300] "GET /ism/image/slides/hotspot.png HTTP/1.1" 304 -
::1 - - [13/Jul/2018:11:14:52 +0300] "GET /image/gr.png HTTP/1.1" 304 -
::1 - - [13/Jul/2018:11:14:52 +0300] "GET /image/yr.png HTTP/1.1" 304 -
::1 - - [13/Jul/2018:11:14:52 +0300] "GET /image/or.png HTTP/1.1" 304 -
::1 - - [13/Jul/2018:11:14:52 +0300] "GET /image/rr.png HTTP/1.1" 304 -
::1 - - [13/Jul/2018:11:16:31 +0300] "GET /renewal.html HTTP/1.1" 200 61474
::1 - - [13/Jul/2018:11:16:31 +0300] "GET /vendor/bootstrap/css/bootstrap.min.css HTTP/1.1" 304 -
::1 - - [13/Jul/2018:11:16:31 +0300] "GET /ism/css/my-slider.css HTTP/1.1" 304 -
::1 - - [13/Jul/2018:11:16:31 +0300] "GET /ism/js/ism-2.2.min.js HTTP/1.1" 304 -
::1 - - [13/Jul/2018:11:16:31 +0300] "GET /css/heroic-features.css HTTP/1.1" 304 -
::1 - - [13/Jul/2018:11:16:31 +0300] "GET /vendor/jquery/jquery.min.js HTTP/1.1" 304 -
::1 - - [13/Jul/2018:11:16:31 +0300] "GET /vendor/bootstrap/js/bootstrap.bundle.min.js HTTP/1.1" 304 -
::1 - - [13/Jul/2018:11:16:31 +0300] "GET /image/sclogo.png HTTP/1.1" 304 -
::1 - - [13/Jul/2018:11:16:31 +0300] "GET /ism/image/slides/renew.png HTTP/1.1" 304 -
::1 - - [13/Jul/2018:11:16:31 +0300] "GET /ism/image/slides/front.png HTTP/1.1" 304 -
::1 - - [13/Jul/2018:11:16:31 +0300] "GET /ism/image/slides/install.png HTTP/1.1" 304 -
::1 - - [13/Jul/2018:11:16:31 +0300] "GET /ism/image/slides/hotspot.png HTTP/1.1" 304 -
::1 - - [13/Jul/2018:11:16:31 +0300] "GET /image/gr.png HTTP/1.1" 304 -
::1 - - [13/Jul/2018:11:16:31 +0300] "GET /image/yr.png HTTP/1.1" 304 -
::1 - - [13/Jul/2018:11:16:31 +0300] "GET /image/or.png HTTP/1.1" 304 -
::1 - - [13/Jul/2018:11:16:31 +0300] "GET /image/rr.png HTTP/1.1" 304 -
::1 - - [13/Jul/2018:11:17:46 +0300] "GET /renewal.html HTTP/1.1" 200 61476
::1 - - [13/Jul/2018:11:17:46 +0300] "GET /vendor/bootstrap/css/bootstrap.min.css HTTP/1.1" 304 -
::1 - - [13/Jul/2018:11:17:46 +0300] "GET /ism/css/my-slider.css HTTP/1.1" 304 -
::1 - - [13/Jul/2018:11:17:46 +0300] "GET /ism/js/ism-2.2.min.js HTTP/1.1" 304 -
::1 - - [13/Jul/2018:11:17:46 +0300] "GET /css/heroic-features.css HTTP/1.1" 304 -
::1 - - [13/Jul/2018:11:17:46 +0300] "GET /vendor/jquery/jquery.min.js HTTP/1.1" 304 -
::1 - - [13/Jul/2018:11:17:46 +0300] "GET /vendor/bootstrap/js/bootstrap.bundle.min.js HTTP/1.1" 304 -
::1 - - [13/Jul/2018:11:17:46 +0300] "GET /image/sclogo.png HTTP/1.1" 304 -
::1 - - [13/Jul/2018:11:17:46 +0300] "GET /ism/image/slides/renew.png HTTP/1.1" 304 -
::1 - - [13/Jul/2018:11:17:46 +0300] "GET /ism/image/slides/front.png HTTP/1.1" 304 -
::1 - - [13/Jul/2018:11:17:46 +0300] "GET /ism/image/slides/install.png HTTP/1.1" 304 -
::1 - - [13/Jul/2018:11:17:46 +0300] "GET /image/gr.png HTTP/1.1" 304 -
::1 - - [13/Jul/2018:11:17:46 +0300] "GET /ism/image/slides/hotspot.png HTTP/1.1" 304 -
::1 - - [13/Jul/2018:11:17:46 +0300] "GET /image/yr.png HTTP/1.1" 304 -
::1 - - [13/Jul/2018:11:17:46 +0300] "GET /image/or.png HTTP/1.1" 304 -
::1 - - [13/Jul/2018:11:17:47 +0300] "GET /image/rr.png HTTP/1.1" 304 -
::1 - - [13/Jul/2018:11:17:54 +0300] "GET /index.html HTTP/1.1" 200 6604
::1 - - [13/Jul/2018:11:17:54 +0300] "GET /image/cloud.png HTTP/1.1" 200 29818
::1 - - [13/Jul/2018:11:17:54 +0300] "GET /image/router.png HTTP/1.1" 200 28388
::1 - - [13/Jul/2018:11:17:54 +0300] "GET /image/home.png HTTP/1.1" 200 28753
::1 - - [13/Jul/2018:11:18:48 +0300] "GET /hotspot.html HTTP/1.1" 200 20396
::1 - - [13/Jul/2018:11:18:57 +0300] "GET /renewal.html HTTP/1.1" 304 -
::1 - - [13/Jul/2018:11:19:02 +0300] "GET /install.html HTTP/1.1" 200 8138
::1 - - [13/Jul/2018:11:19:15 +0300] "GET /renewal.html HTTP/1.1" 304 -
::1 - - [13/Jul/2018:11:21:11 +0300] "GET /renewal.html HTTP/1.1" 200 61426
::1 - - [13/Jul/2018:11:21:11 +0300] "GET /vendor/bootstrap/css/bootstrap.min.css HTTP/1.1" 304 -
::1 - - [13/Jul/2018:11:21:11 +0300] "GET /ism/css/my-slider.css HTTP/1.1" 304 -
::1 - - [13/Jul/2018:11:21:11 +0300] "GET /ism/js/ism-2.2.min.js HTTP/1.1" 304 -
::1 - - [13/Jul/2018:11:21:11 +0300] "GET /css/heroic-features.css HTTP/1.1" 304 -
::1 - - [13/Jul/2018:11:21:11 +0300] "GET /vendor/jquery/jquery.min.js HTTP/1.1" 304 -
::1 - - [13/Jul/2018:11:21:11 +0300] "GET /vendor/bootstrap/js/bootstrap.bundle.min.js HTTP/1.1" 304 -
::1 - - [13/Jul/2018:11:21:11 +0300] "GET /image/sclogo.png HTTP/1.1" 304 -
::1 - - [13/Jul/2018:11:21:11 +0300] "GET /ism/image/slides/renew.png HTTP/1.1" 304 -
::1 - - [13/Jul/2018:11:21:11 +0300] "GET /ism/image/slides/front.png HTTP/1.1" 304 -
::1 - - [13/Jul/2018:11:21:11 +0300] "GET /ism/image/slides/install.png HTTP/1.1" 304 -
::1 - - [13/Jul/2018:11:21:11 +0300] "GET /ism/image/slides/hotspot.png HTTP/1.1" 304 -
::1 - - [13/Jul/2018:11:21:11 +0300] "GET /image/gr.png HTTP/1.1" 304 -
::1 - - [13/Jul/2018:11:21:11 +0300] "GET /image/yr.png HTTP/1.1" 304 -
::1 - - [13/Jul/2018:11:21:11 +0300] "GET /image/or.png HTTP/1.1" 304 -
::1 - - [13/Jul/2018:11:21:11 +0300] "GET /image/rr.png HTTP/1.1" 304 -
::1 - - [13/Jul/2018:11:23:22 +0300] "GET /about.html HTTP/1.1" 200 5297
::1 - - [13/Jul/2018:11:24:11 +0300] "GET /contact.html HTTP/1.1" 200 4660
::1 - - [13/Jul/2018:11:31:35 +0300] "GET /index.html HTTP/1.1" 200 6604
::1 - - [13/Jul/2018:11:31:35 +0300] "GET /vendor/bootstrap/css/bootstrap.min.css HTTP/1.1" 200 140930
::1 - - [13/Jul/2018:11:31:35 +0300] "GET /image/sclogo.png HTTP/1.1" 200 20042
::1 - - [13/Jul/2018:11:31:36 +0300] "GET /image/home.png HTTP/1.1" 200 28753
::1 - - [13/Jul/2018:11:32:14 +0300] "GET /css/heroic-features.css HTTP/1.1" 200 384
::1 - - [13/Jul/2018:11:32:14 +0300] "GET /image/sclogo.png HTTP/1.1" 200 20042
::1 - - [13/Jul/2018:11:32:38 +0300] "GET /ism/css/my-slider.css HTTP/1.1" 200 17104
::1 - - [13/Jul/2018:11:32:38 +0300] "GET /css/heroic-features.css HTTP/1.1" 200 384
::1 - - [13/Jul/2018:11:32:38 +0300] "GET /image/sclogo.png HTTP/1.1" 200 20042
::1 - - [13/Jul/2018:11:32:38 +0300] "GET /image/home.png HTTP/1.1" 200 28753
::1 - - [13/Jul/2018:11:33:16 +0300] "GET /ism/css/my-slider.css HTTP/1.1" 200 17104
::1 - - [13/Jul/2018:11:33:16 +0300] "GET /css/heroic-features.css HTTP/1.1" 200 384
::1 - - [13/Jul/2018:11:33:16 +0300] "GET /image/sclogo.png HTTP/1.1" 200 20042
::1 - - [13/Jul/2018:11:33:16 +0300] "GET /image/home.png HTTP/1.1" 200 28753
::1 - - [13/Jul/2018:11:35:42 +0300] "GET /index.html HTTP/1.1" 200 6604
::1 - - [13/Jul/2018:11:35:42 +0300] "GET /vendor/bootstrap/css/bootstrap.min.css HTTP/1.1" 200 140930
::1 - - [13/Jul/2018:11:35:42 +0300] "GET /ism/css/my-slider.css HTTP/1.1" 200 17104
::1 - - [13/Jul/2018:11:35:42 +0300] "GET /ism/js/ism-2.2.min.js HTTP/1.1" 200 27296
::1 - - [13/Jul/2018:11:35:42 +0300] "GET /css/heroic-features.css HTTP/1.1" 200 384
::1 - - [13/Jul/2018:11:35:42 +0300] "GET /image/sclogo.png HTTP/1.1" 200 20042
::1 - - [13/Jul/2018:11:35:42 +0300] "GET /ism/image/slides/renew.png HTTP/1.1" 200 457785
::1 - - [13/Jul/2018:11:35:42 +0300] "GET /image/router.png HTTP/1.1" 200 28388
::1 - - [13/Jul/2018:11:35:42 +0300] "GET /ism/image/slides/install.png HTTP/1.1" 200 477608
::1 - - [13/Jul/2018:11:35:42 +0300] "GET /vendor/bootstrap/js/bootstrap.bundle.min.js HTTP/1.1" 200 70682
::1 - - [13/Jul/2018:11:35:42 +0300] "GET /vendor/jquery/jquery.min.js HTTP/1.1" 200 86927
::1 - - [13/Jul/2018:11:35:42 +0300] "GET /image/cloud.png HTTP/1.1" 200 29818
::1 - - [13/Jul/2018:11:35:42 +0300] "GET /ism/image/slides/hotspot.png HTTP/1.1" 200 499955
::1 - - [13/Jul/2018:11:35:42 +0300] "GET /image/home.png HTTP/1.1" 200 28753
::1 - - [13/Jul/2018:11:35:42 +0300] "GET /ism/image/slides/front.png HTTP/1.1" 200 520616
::1 - - [13/Jul/2018:11:36:01 +0300] "GET /contact.html HTTP/1.1" 200 4560
::1 - - [13/Jul/2018:11:36:01 +0300] "GET /ism/css/my-slider.css HTTP/1.1" 200 17104
::1 - - [13/Jul/2018:11:36:01 +0300] "GET /css/heroic-features.css HTTP/1.1" 200 384
::1 - - [13/Jul/2018:11:36:01 +0300] "GET /image/sclogo.png HTTP/1.1" 200 20042
::1 - - [13/Jul/2018:11:36:15 +0300] "GET /ism/css/my-slider.css HTTP/1.1" 200 17104
::1 - - [13/Jul/2018:11:36:15 +0300] "GET /css/heroic-features.css HTTP/1.1" 200 384
::1 - - [13/Jul/2018:11:36:15 +0300] "GET /image/sclogo.png HTTP/1.1" 200 20042
::1 - - [13/Jul/2018:11:36:19 +0300] "GET /about.html HTTP/1.1" 200 5297
::1 - - [13/Jul/2018:11:36:19 +0300] "GET /vendor/bootstrap/css/bootstrap.min.css HTTP/1.1" 200 140930
::1 - - [13/Jul/2018:11:36:19 +0300] "GET /css/heroic-features.css HTTP/1.1" 200 384
::1 - - [13/Jul/2018:11:36:19 +0300] "GET /ism/css/my-slider.css HTTP/1.1" 200 17104
::1 - - [13/Jul/2018:11:36:19 +0300] "GET /image/sclogo.png HTTP/1.1" 200 20042
::1 - - [13/Jul/2018:11:36:20 +0300] "GET /tutorial.html HTTP/1.1" 200 4213
::1 - - [13/Jul/2018:11:36:21 +0300] "GET /vendor/bootstrap/css/bootstrap.min.css HTTP/1.1" 200 140930
::1 - - [13/Jul/2018:12:33:11 +0300] "GET /contact.html HTTP/1.1" 200 4560
::1 - - [13/Jul/2018:12:33:12 +0300] "GET /vendor/bootstrap/css/bootstrap.min.css HTTP/1.1" 200 140930
::1 - - [13/Jul/2018:12:33:12 +0300] "GET /ism/css/my-slider.css HTTP/1.1" 200 17104
::1 - - [13/Jul/2018:12:33:12 +0300] "GET /image/sclogo.png HTTP/1.1" 200 20042
::1 - - [13/Jul/2018:12:40:21 +0300] "GET /tutorial.html HTTP/1.1" 200 4213
::1 - - [13/Jul/2018:12:40:21 +0300] "GET /vendor/bootstrap/css/bootstrap.min.css HTTP/1.1" 200 140930
::1 - - [13/Jul/2018:12:40:21 +0300] "GET /ism/css/my-slider.css HTTP/1.1" 200 17104
::1 - - [13/Jul/2018:12:40:21 +0300] "GET /css/heroic-features.css HTTP/1.1" 200 384
::1 - - [13/Jul/2018:12:40:21 +0300] "GET /image/sclogo.png HTTP/1.1" 200 20042
::1 - - [13/Jul/2018:12:40:21 +0300] "GET /contact.html HTTP/1.1" 200 4560
::1 - - [13/Jul/2018:12:41:27 +0300] "GET /contact.html HTTP/1.1" 200 4560
::1 - - [13/Jul/2018:12:41:27 +0300] "GET /vendor/bootstrap/css/bootstrap.min.css HTTP/1.1" 304 -
::1 - - [13/Jul/2018:12:41:27 +0300] "GET /ism/js/ism-2.2.min.js HTTP/1.1" 304 -
::1 - - [13/Jul/2018:12:41:27 +0300] "GET /vendor/jquery/jquery.min.js HTTP/1.1" 304 -
::1 - - [13/Jul/2018:12:41:27 +0300] "GET /ism/css/my-slider.css HTTP/1.1" 200 17104
::1 - - [13/Jul/2018:12:41:27 +0300] "GET /css/heroic-features.css HTTP/1.1" 200 384
::1 - - [13/Jul/2018:12:41:27 +0300] "GET /vendor/bootstrap/js/bootstrap.bundle.min.js HTTP/1.1" 304 -
::1 - - [13/Jul/2018:12:41:27 +0300] "GET /image/sclogo.png HTTP/1.1" 200 20042
::1 - - [13/Jul/2018:12:41:27 +0300] "GET /ism/image/slides/front.png HTTP/1.1" 304 -
::1 - - [13/Jul/2018:12:41:27 +0300] "GET /ism/image/slides/renew.png HTTP/1.1" 304 -
::1 - - [13/Jul/2018:12:41:27 +0300] "GET /ism/image/slides/hotspot.png HTTP/1.1" 304 -
::1 - - [13/Jul/2018:12:41:27 +0300] "GET /ism/image/slides/install.png HTTP/1.1" 304 -
::1 - - [13/Jul/2018:12:41:30 +0300] "GET /about.html HTTP/1.1" 200 6895
::1 - - [13/Jul/2018:12:41:30 +0300] "GET /vendor/bootstrap/css/bootstrap.min.css HTTP/1.1" 200 140930
::1 - - [13/Jul/2018:12:41:30 +0300] "GET /image/home.png HTTP/1.1" 200 28753
::1 - - [13/Jul/2018:12:41:30 +0300] "GET /image/sclogo.png HTTP/1.1" 200 20042
::1 - - [13/Jul/2018:12:42:22 +0300] "GET /about.html HTTP/1.1" 200 5811
::1 - - [13/Jul/2018:12:42:23 +0300] "GET /vendor/bootstrap/css/bootstrap.min.css HTTP/1.1" 304 -
::1 - - [13/Jul/2018:12:42:23 +0300] "GET /ism/css/my-slider.css HTTP/1.1" 304 -
::1 - - [13/Jul/2018:12:42:23 +0300] "GET /ism/js/ism-2.2.min.js HTTP/1.1" 304 -
::1 - - [13/Jul/2018:12:42:23 +0300] "GET /css/heroic-features.css HTTP/1.1" 304 -
::1 - - [13/Jul/2018:12:42:23 +0300] "GET /vendor/jquery/jquery.min.js HTTP/1.1" 304 -
::1 - - [13/Jul/2018:12:42:23 +0300] "GET /vendor/bootstrap/js/bootstrap.bundle.min.js HTTP/1.1" 304 -
::1 - - [13/Jul/2018:12:42:23 +0300] "GET /image/sclogo.png HTTP/1.1" 304 -
::1 - - [13/Jul/2018:12:42:23 +0300] "GET /ism/image/slides/hotspot.png HTTP/1.1" 304 -
::1 - - [13/Jul/2018:12:42:23 +0300] "GET /ism/image/slides/renew.png HTTP/1.1" 304 -
::1 - - [13/Jul/2018:12:42:23 +0300] "GET /image/home.png HTTP/1.1" 304 -
::1 - - [13/Jul/2018:12:42:23 +0300] "GET /ism/image/slides/install.png HTTP/1.1" 304 -
::1 - - [13/Jul/2018:12:42:23 +0300] "GET /ism/image/slides/front.png HTTP/1.1" 304 -
::1 - - [13/Jul/2018:12:42:26 +0300] "GET /about.html HTTP/1.1" 200 5811
::1 - - [13/Jul/2018:12:42:26 +0300] "GET /vendor/bootstrap/css/bootstrap.min.css HTTP/1.1" 304 -
::1 - - [13/Jul/2018:12:42:26 +0300] "GET /ism/js/ism-2.2.min.js HTTP/1.1" 304 -
::1 - - [13/Jul/2018:12:42:26 +0300] "GET /vendor/jquery/jquery.min.js HTTP/1.1" 304 -
::1 - - [13/Jul/2018:12:42:26 +0300] "GET /vendor/bootstrap/js/bootstrap.bundle.min.js HTTP/1.1" 304 -
::1 - - [13/Jul/2018:12:42:26 +0300] "GET /css/heroic-features.css HTTP/1.1" 200 384
::1 - - [13/Jul/2018:12:42:26 +0300] "GET /ism/css/my-slider.css HTTP/1.1" 200 17104
::1 - - [13/Jul/2018:12:42:26 +0300] "GET /image/sclogo.png HTTP/1.1" 200 20042
::1 - - [13/Jul/2018:12:42:26 +0300] "GET /ism/image/slides/hotspot.png HTTP/1.1" 304 -
::1 - - [13/Jul/2018:12:42:26 +0300] "GET /ism/image/slides/front.png HTTP/1.1" 304 -
::1 - - [13/Jul/2018:12:42:26 +0300] "GET /ism/image/slides/renew.png HTTP/1.1" 304 -
::1 - - [13/Jul/2018:12:42:26 +0300] "GET /ism/image/slides/install.png HTTP/1.1" 304 -
::1 - - [13/Jul/2018:12:42:26 +0300] "GET /image/home.png HTTP/1.1" 200 28753
::1 - - [13/Jul/2018:12:42:39 +0300] "GET /about.html HTTP/1.1" 200 5647
::1 - - [13/Jul/2018:12:42:39 +0300] "GET /vendor/bootstrap/css/bootstrap.min.css HTTP/1.1" 304 -
::1 - - [13/Jul/2018:12:42:39 +0300] "GET /ism/css/my-slider.css HTTP/1.1" 304 -
::1 - - [13/Jul/2018:12:42:39 +0300] "GET /ism/js/ism-2.2.min.js HTTP/1.1" 304 -
::1 - - [13/Jul/2018:12:42:39 +0300] "GET /css/heroic-features.css HTTP/1.1" 304 -
::1 - - [13/Jul/2018:12:42:39 +0300] "GET /vendor/bootstrap/js/bootstrap.bundle.min.js HTTP/1.1" 304 -
::1 - - [13/Jul/2018:12:42:39 +0300] "GET /vendor/jquery/jquery.min.js HTTP/1.1" 304 -
::1 - - [13/Jul/2018:12:42:39 +0300] "GET /image/sclogo.png HTTP/1.1" 304 -
::1 - - [13/Jul/2018:12:42:39 +0300] "GET /ism/image/slides/front.png HTTP/1.1" 304 -
::1 - - [13/Jul/2018:12:42:39 +0300] "GET /ism/image/slides/hotspot.png HTTP/1.1" 304 -
::1 - - [13/Jul/2018:12:42:39 +0300] "GET /ism/image/slides/renew.png HTTP/1.1" 304 -
::1 - - [13/Jul/2018:12:42:39 +0300] "GET /ism/image/slides/install.png HTTP/1.1" 304 -
::1 - - [13/Jul/2018:12:42:56 +0300] "GET /about.html HTTP/1.1" 200 5647
::1 - - [13/Jul/2018:12:42:56 +0300] "GET /vendor/bootstrap/css/bootstrap.min.css HTTP/1.1" 200 140930
::1 - - [13/Jul/2018:12:42:56 +0300] "GET /ism/js/ism-2.2.min.js HTTP/1.1" 304 -
::1 - - [13/Jul/2018:12:42:56 +0300] "GET /ism/css/my-slider.css HTTP/1.1" 200 17104
::1 - - [13/Jul/2018:12:42:56 +0300] "GET /css/heroic-features.css HTTP/1.1" 200 384
::1 - - [13/Jul/2018:12:42:56 +0300] "GET /vendor/jquery/jquery.min.js HTTP/1.1" 304 -
::1 - - [13/Jul/2018:12:42:56 +0300] "GET /vendor/bootstrap/js/bootstrap.bundle.min.js HTTP/1.1" 304 -
::1 - - [13/Jul/2018:12:42:56 +0300] "GET /image/sclogo.png HTTP/1.1" 200 20042
::1 - - [13/Jul/2018:12:42:56 +0300] "GET /ism/image/slides/hotspot.png HTTP/1.1" 304 -
::1 - - [13/Jul/2018:12:42:56 +0300] "GET /ism/image/slides/front.png HTTP/1.1" 304 -
::1 - - [13/Jul/2018:12:42:56 +0300] "GET /ism/image/slides/install.png HTTP/1.1" 304 -
::1 - - [13/Jul/2018:12:42:56 +0300] "GET /ism/image/slides/renew.png HTTP/1.1" 304 -
::1 - - [13/Jul/2018:12:43:34 +0300] "GET /about.html HTTP/1.1" 200 5653
::1 - - [13/Jul/2018:12:43:34 +0300] "GET /vendor/bootstrap/css/bootstrap.min.css HTTP/1.1" 304 -
::1 - - [13/Jul/2018:12:43:34 +0300] "GET /ism/js/ism-2.2.min.js HTTP/1.1" 304 -
::1 - - [13/Jul/2018:12:43:34 +0300] "GET /vendor/jquery/jquery.min.js HTTP/1.1" 304 -
::1 - - [13/Jul/2018:12:43:34 +0300] "GET /ism/css/my-slider.css HTTP/1.1" 200 17104
::1 - - [13/Jul/2018:12:43:34 +0300] "GET /vendor/bootstrap/js/bootstrap.bundle.min.js HTTP/1.1" 304 -
::1 - - [13/Jul/2018:12:43:35 +0300] "GET /ism/image/slides/front.png HTTP/1.1" 304 -
::1 - - [13/Jul/2018:12:43:35 +0300] "GET /image/sclogo.png HTTP/1.1" 200 20042
::1 - - [13/Jul/2018:12:43:35 +0300] "GET /ism/image/slides/renew.png HTTP/1.1" 304 -
::1 - - [13/Jul/2018:12:43:35 +0300] "GET /ism/image/slides/install.png HTTP/1.1" 304 -
::1 - - [13/Jul/2018:12:43:35 +0300] "GET /ism/image/slides/hotspot.png HTTP/1.1" 304 -
::1 - - [13/Jul/2018:12:43:35 +0300] "GET /css/heroic-features.css HTTP/1.1" 200 384
::1 - - [13/Jul/2018:12:43:35 +0300] "GET /about.html HTTP/1.1" 304 -
::1 - - [13/Jul/2018:12:43:35 +0300] "GET /vendor/bootstrap/css/bootstrap.min.css HTTP/1.1" 304 -
::1 - - [13/Jul/2018:12:43:35 +0300] "GET /ism/css/my-slider.css HTTP/1.1" 304 -
::1 - - [13/Jul/2018:12:43:35 +0300] "GET /css/heroic-features.css HTTP/1.1" 304 -
::1 - - [13/Jul/2018:12:43:35 +0300] "GET /ism/js/ism-2.2.min.js HTTP/1.1" 304 -
::1 - - [13/Jul/2018:12:43:35 +0300] "GET /image/sclogo.png HTTP/1.1" 304 -
::1 - - [13/Jul/2018:12:43:35 +0300] "GET /vendor/jquery/jquery.min.js HTTP/1.1" 304 -
::1 - - [13/Jul/2018:12:43:35 +0300] "GET /vendor/bootstrap/js/bootstrap.bundle.min.js HTTP/1.1" 304 -
::1 - - [13/Jul/2018:12:43:35 +0300] "GET /ism/image/slides/front.png HTTP/1.1" 304 -
::1 - - [13/Jul/2018:12:43:35 +0300] "GET /ism/image/slides/hotspot.png HTTP/1.1" 304 -
::1 - - [13/Jul/2018:12:43:35 +0300] "GET /ism/image/slides/renew.png HTTP/1.1" 304 -
::1 - - [13/Jul/2018:12:43:35 +0300] "GET /ism/image/slides/install.png HTTP/1.1" 304 -
::1 - - [13/Jul/2018:12:44:30 +0300] "GET /about.html HTTP/1.1" 200 5754
::1 - - [13/Jul/2018:12:44:30 +0300] "GET /vendor/bootstrap/css/bootstrap.min.css HTTP/1.1" 304 -
::1 - - [13/Jul/2018:12:44:30 +0300] "GET /css/heroic-features.css HTTP/1.1" 304 -
::1 - - [13/Jul/2018:12:44:30 +0300] "GET /ism/css/my-slider.css HTTP/1.1" 304 -
::1 - - [13/Jul/2018:12:44:30 +0300] "GET /ism/js/ism-2.2.min.js HTTP/1.1" 304 -
::1 - - [13/Jul/2018:12:44:30 +0300] "GET /vendor/jquery/jquery.min.js HTTP/1.1" 304 -
::1 - - [13/Jul/2018:12:44:30 +0300] "GET /image/sclogo.png HTTP/1.1" 304 -
::1 - - [13/Jul/2018:12:44:30 +0300] "GET /ism/image/slides/hotspot.png HTTP/1.1" 304 -
::1 - - [13/Jul/2018:12:44:30 +0300] "GET /vendor/bootstrap/js/bootstrap.bundle.min.js HTTP/1.1" 304 -
::1 - - [13/Jul/2018:12:44:30 +0300] "GET /ism/image/slides/renew.png HTTP/1.1" 304 -
::1 - - [13/Jul/2018:12:44:30 +0300] "GET /ism/image/slides/front.png HTTP/1.1" 304 -
::1 - - [13/Jul/2018:12:44:30 +0300] "GET /ism/image/slides/install.png HTTP/1.1" 304 -
::1 - - [13/Jul/2018:12:44:54 +0300] "GET /about.html HTTP/1.1" 200 5775
::1 - - [13/Jul/2018:12:44:54 +0300] "GET /ism/js/ism-2.2.min.js HTTP/1.1" 304 -
::1 - - [13/Jul/2018:12:44:54 +0300] "GET /css/heroic-features.css HTTP/1.1" 200 384
::1 - - [13/Jul/2018:12:44:54 +0300] "GET /vendor/bootstrap/css/bootstrap.min.css HTTP/1.1" 200 140930
::1 - - [13/Jul/2018:12:44:54 +0300] "GET /ism/css/my-slider.css HTTP/1.1" 200 17104
::1 - - [13/Jul/2018:12:44:54 +0300] "GET /vendor/jquery/jquery.min.js HTTP/1.1" 304 -
::1 - - [13/Jul/2018:12:44:54 +0300] "GET /vendor/bootstrap/js/bootstrap.bundle.min.js HTTP/1.1" 304 -
::1 - - [13/Jul/2018:12:44:54 +0300] "GET /image/sclogo.png HTTP/1.1" 200 20042
::1 - - [13/Jul/2018:12:44:54 +0300] "GET /ism/image/slides/front.png HTTP/1.1" 304 -
::1 - - [13/Jul/2018:12:44:54 +0300] "GET /ism/image/slides/renew.png HTTP/1.1" 304 -
::1 - - [13/Jul/2018:12:44:54 +0300] "GET /ism/image/slides/hotspot.png HTTP/1.1" 304 -
::1 - - [13/Jul/2018:12:44:54 +0300] "GET /ism/image/slides/install.png HTTP/1.1" 304 -
::1 - - [13/Jul/2018:12:46:04 +0300] "GET /install.html HTTP/1.1" 200 8138
::1 - - [13/Jul/2018:12:46:04 +0300] "GET /vendor/bootstrap/css/bootstrap.min.css HTTP/1.1" 200 140930
::1 - - [13/Jul/2018:12:46:04 +0300] "GET /ism/css/my-slider.css HTTP/1.1" 200 17104
::1 - - [13/Jul/2018:12:46:04 +0300] "GET /image/sclogo.png HTTP/1.1" 200 20042
::1 - - [13/Jul/2018:13:18:53 +0300] "GET /install.html HTTP/1.1" 200 7697
::1 - - [13/Jul/2018:13:18:53 +0300] "GET /image/disclite5ac.jpg HTTP/1.1" 200 11192
::1 - - [13/Jul/2018:13:18:53 +0300] "GET /vendor/bootstrap/css/bootstrap.min.css HTTP/1.1" 200 140930
::1 - - [13/Jul/2018:13:18:53 +0300] "GET /vendor/jquery/jquery.min.js HTTP/1.1" 304 -
::1 - - [13/Jul/2018:13:18:53 +0300] "GET /css/heroic-features.css HTTP/1.1" 200 384
::1 - - [13/Jul/2018:13:18:53 +0300] "GET /ism/css/my-slider.css HTTP/1.1" 200 17104
::1 - - [13/Jul/2018:13:18:53 +0300] "GET /ism/js/ism-2.2.min.js HTTP/1.1" 304 -
::1 - - [13/Jul/2018:13:18:53 +0300] "GET /vendor/bootstrap/js/bootstrap.bundle.min.js HTTP/1.1" 304 -
::1 - - [13/Jul/2018:13:18:53 +0300] "GET /image/sclogo.png HTTP/1.1" 200 20042
::1 - - [13/Jul/2018:13:18:53 +0300] "GET /ism/image/slides/renew.png HTTP/1.1" 304 -
::1 - - [13/Jul/2018:13:18:53 +0300] "GET /ism/image/slides/front.png HTTP/1.1" 304 -
::1 - - [13/Jul/2018:13:18:53 +0300] "GET /ism/image/slides/install.png HTTP/1.1" 304 -
::1 - - [13/Jul/2018:13:18:53 +0300] "GET /ism/image/slides/hotspot.png HTTP/1.1" 304 -
::1 - - [13/Jul/2018:13:19:14 +0300] "GET /install.html HTTP/1.1" 200 8142
::1 - - [13/Jul/2018:13:19:14 +0300] "GET /vendor/bootstrap/css/bootstrap.min.css HTTP/1.1" 304 -
::1 - - [13/Jul/2018:13:19:14 +0300] "GET /vendor/jquery/jquery.min.js HTTP/1.1" 304 -
::1 - - [13/Jul/2018:13:19:14 +0300] "GET /ism/css/my-slider.css HTTP/1.1" 304 -
::1 - - [13/Jul/2018:13:19:14 +0300] "GET /ism/js/ism-2.2.min.js HTTP/1.1" 304 -
::1 - - [13/Jul/2018:13:19:14 +0300] "GET /css/heroic-features.css HTTP/1.1" 304 -
::1 - - [13/Jul/2018:13:19:14 +0300] "GET /image/sclogo.png HTTP/1.1" 304 -
::1 - - [13/Jul/2018:13:19:14 +0300] "GET /ism/image/slides/renew.png HTTP/1.1" 304 -
::1 - - [13/Jul/2018:13:19:14 +0300] "GET /ism/image/slides/install.png HTTP/1.1" 304 -
::1 - - [13/Jul/2018:13:19:14 +0300] "GET /vendor/bootstrap/js/bootstrap.bundle.min.js HTTP/1.1" 304 -
::1 - - [13/Jul/2018:13:19:14 +0300] "GET /ism/image/slides/front.png HTTP/1.1" 304 -
::1 - - [13/Jul/2018:13:19:14 +0300] "GET /ism/image/slides/hotspot.png HTTP/1.1" 304 -
::1 - - [13/Jul/2018:13:19:14 +0300] "GET /image/disclite5ac.jpg HTTP/1.1" 200 11192
::1 - - [13/Jul/2018:13:19:34 +0300] "GET /install.html HTTP/1.1" 200 7570
::1 - - [13/Jul/2018:13:19:34 +0300] "GET /vendor/bootstrap/css/bootstrap.min.css HTTP/1.1" 304 -
::1 - - [13/Jul/2018:13:19:34 +0300] "GET /vendor/jquery/jquery.min.js HTTP/1.1" 304 -
::1 - - [13/Jul/2018:13:19:34 +0300] "GET /ism/js/ism-2.2.min.js HTTP/1.1" 304 -
::1 - - [13/Jul/2018:13:19:34 +0300] "GET /css/heroic-features.css HTTP/1.1" 304 -
::1 - - [13/Jul/2018:13:19:34 +0300] "GET /ism/css/my-slider.css HTTP/1.1" 304 -
::1 - - [13/Jul/2018:13:19:34 +0300] "GET /vendor/bootstrap/js/bootstrap.bundle.min.js HTTP/1.1" 304 -
::1 - - [13/Jul/2018:13:19:34 +0300] "GET /image/sclogo.png HTTP/1.1" 304 -
::1 - - [13/Jul/2018:13:19:34 +0300] "GET /ism/image/slides/install.png HTTP/1.1" 304 -
::1 - - [13/Jul/2018:13:19:34 +0300] "GET /ism/image/slides/renew.png HTTP/1.1" 304 -
::1 - - [13/Jul/2018:13:19:34 +0300] "GET /ism/image/slides/front.png HTTP/1.1" 304 -
::1 - - [13/Jul/2018:13:19:34 +0300] "GET /ism/image/slides/hotspot.png HTTP/1.1" 304 -
::1 - - [13/Jul/2018:13:19:34 +0300] "GET /image/disclite5ac.jpg HTTP/1.1" 200 11192
::1 - - [13/Jul/2018:13:21:31 +0300] "GET /install.html HTTP/1.1" 200 7620
::1 - - [13/Jul/2018:13:21:31 +0300] "GET /vendor/bootstrap/css/bootstrap.min.css HTTP/1.1" 304 -
::1 - - [13/Jul/2018:13:21:31 +0300] "GET /vendor/jquery/jquery.min.js HTTP/1.1" 304 -
::1 - - [13/Jul/2018:13:21:31 +0300] "GET /ism/css/my-slider.css HTTP/1.1" 304 -
::1 - - [13/Jul/2018:13:21:31 +0300] "GET /ism/js/ism-2.2.min.js HTTP/1.1" 304 -
::1 - - [13/Jul/2018:13:21:31 +0300] "GET /css/heroic-features.css HTTP/1.1" 304 -
::1 - - [13/Jul/2018:13:21:31 +0300] "GET /image/sclogo.png HTTP/1.1" 200 20042
::1 - - [13/Jul/2018:13:21:31 +0300] "GET /ism/image/slides/install.png HTTP/1.1" 304 -
::1 - - [13/Jul/2018:13:21:31 +0300] "GET /ism/image/slides/front.png HTTP/1.1" 304 -
::1 - - [13/Jul/2018:13:21:31 +0300] "GET /ism/image/slides/hotspot.png HTTP/1.1" 304 -
::1 - - [13/Jul/2018:13:21:31 +0300] "GET /ism/image/slides/renew.png HTTP/1.1" 304 -
::1 - - [13/Jul/2018:13:21:31 +0300] "GET /vendor/bootstrap/js/bootstrap.bundle.min.js HTTP/1.1" 304 -
::1 - - [13/Jul/2018:13:21:31 +0300] "GET /image/disclite5ac.jpg HTTP/1.1" 200 11192
::1 - - [13/Jul/2018:13:27:01 +0300] "GET /install.html HTTP/1.1" 200 11445
::1 - - [13/Jul/2018:13:27:01 +0300] "GET /ism/js/ism-2.2.min.js HTTP/1.1" 304 -
::1 - - [13/Jul/2018:13:27:01 +0300] "GET /vendor/jquery/jquery.min.js HTTP/1.1" 304 -
::1 - - [13/Jul/2018:13:27:01 +0300] "GET /vendor/bootstrap/js/bootstrap.bundle.min.js HTTP/1.1" 304 -
::1 - - [13/Jul/2018:13:27:01 +0300] "GET /vendor/bootstrap/css/bootstrap.min.css HTTP/1.1" 200 140930
::1 - - [13/Jul/2018:13:27:01 +0300] "GET /ism/css/my-slider.css HTTP/1.1" 200 17104
::1 - - [13/Jul/2018:13:27:02 +0300] "GET /image/sclogo.png HTTP/1.1" 200 20042
::1 - - [13/Jul/2018:13:27:02 +0300] "GET /ism/image/slides/install.png HTTP/1.1" 304 -
::1 - - [13/Jul/2018:13:27:02 +0300] "GET /image/disclite5ac.jpg HTTP/1.1" 200 11192
::1 - - [13/Jul/2018:13:27:02 +0300] "GET /image/lhg5ac.jpg HTTP/1.1" 200 231581
::1 - - [13/Jul/2018:13:27:02 +0300] "GET /ism/image/slides/front.png HTTP/1.1" 304 -
::1 - - [13/Jul/2018:13:27:02 +0300] "GET /ism/image/slides/hotspot.png HTTP/1.1" 304 -
::1 - - [13/Jul/2018:13:27:02 +0300] "GET /ism/image/slides/renew.png HTTP/1.1" 304 -
::1 - - [13/Jul/2018:13:27:02 +0300] "GET /css/heroic-features.css HTTP/1.1" 200 384
::1 - - [13/Jul/2018:13:27:02 +0300] "GET /install.html HTTP/1.1" 304 -
::1 - - [13/Jul/2018:13:27:02 +0300] "GET /vendor/bootstrap/css/bootstrap.min.css HTTP/1.1" 304 -
::1 - - [13/Jul/2018:13:27:02 +0300] "GET /ism/js/ism-2.2.min.js HTTP/1.1" 304 -
::1 - - [13/Jul/2018:13:27:02 +0300] "GET /ism/css/my-slider.css HTTP/1.1" 304 -
::1 - - [13/Jul/2018:13:27:02 +0300] "GET /css/heroic-features.css HTTP/1.1" 304 -
::1 - - [13/Jul/2018:13:27:02 +0300] "GET /vendor/jquery/jquery.min.js HTTP/1.1" 304 -
::1 - - [13/Jul/2018:13:27:02 +0300] "GET /image/sclogo.png HTTP/1.1" 304 -
::1 - - [13/Jul/2018:13:27:02 +0300] "GET /image/lhg5ac.jpg HTTP/1.1" 304 -
::1 - - [13/Jul/2018:13:27:02 +0300] "GET /image/disclite5ac.jpg HTTP/1.1" 304 -
::1 - - [13/Jul/2018:13:27:02 +0300] "GET /vendor/bootstrap/js/bootstrap.bundle.min.js HTTP/1.1" 304 -
::1 - - [13/Jul/2018:13:27:02 +0300] "GET /ism/image/slides/install.png HTTP/1.1" 304 -
::1 - - [13/Jul/2018:13:27:02 +0300] "GET /ism/image/slides/renew.png HTTP/1.1" 304 -
::1 - - [13/Jul/2018:13:27:02 +0300] "GET /ism/image/slides/front.png HTTP/1.1" 304 -
::1 - - [13/Jul/2018:13:27:02 +0300] "GET /ism/image/slides/hotspot.png HTTP/1.1" 304 -
::1 - - [13/Jul/2018:13:27:30 +0300] "GET /install.html HTTP/1.1" 200 11408
::1 - - [13/Jul/2018:13:27:30 +0300] "GET /ism/js/ism-2.2.min.js HTTP/1.1" 304 -
::1 - - [13/Jul/2018:13:27:30 +0300] "GET /vendor/jquery/jquery.min.js HTTP/1.1" 304 -
::1 - - [13/Jul/2018:13:27:30 +0300] "GET /ism/css/my-slider.css HTTP/1.1" 200 17104
::1 - - [13/Jul/2018:13:27:30 +0300] "GET /vendor/bootstrap/css/bootstrap.min.css HTTP/1.1" 200 140930
::1 - - [13/Jul/2018:13:27:30 +0300] "GET /css/heroic-features.css HTTP/1.1" 200 384
::1 - - [13/Jul/2018:13:27:30 +0300] "GET /vendor/bootstrap/js/bootstrap.bundle.min.js HTTP/1.1" 304 -
::1 - - [13/Jul/2018:13:27:30 +0300] "GET /image/sclogo.png HTTP/1.1" 200 20042
::1 - - [13/Jul/2018:13:27:30 +0300] "GET /image/lhg5ac.jpg HTTP/1.1" 200 231581
::1 - - [13/Jul/2018:13:27:30 +0300] "GET /image/disclite5ac.jpg HTTP/1.1" 200 11192
::1 - - [13/Jul/2018:13:27:30 +0300] "GET /ism/image/slides/renew.png HTTP/1.1" 304 -
::1 - - [13/Jul/2018:13:27:30 +0300] "GET /ism/image/slides/install.png HTTP/1.1" 304 -
::1 - - [13/Jul/2018:13:27:30 +0300] "GET /ism/image/slides/hotspot.png HTTP/1.1" 304 -
::1 - - [13/Jul/2018:13:27:30 +0300] "GET /ism/image/slides/front.png HTTP/1.1" 304 -
::1 - - [13/Jul/2018:13:27:51 +0300] "GET /install.html HTTP/1.1" 200 11372
::1 - - [13/Jul/2018:13:27:51 +0300] "GET /ism/js/ism-2.2.min.js HTTP/1.1" 304 -
::1 - - [13/Jul/2018:13:27:51 +0300] "GET /vendor/bootstrap/js/bootstrap.bundle.min.js HTTP/1.1" 304 -
::1 - - [13/Jul/2018:13:27:51 +0300] "GET /vendor/bootstrap/css/bootstrap.min.css HTTP/1.1" 200 140930
::1 - - [13/Jul/2018:13:27:51 +0300] "GET /css/heroic-features.css HTTP/1.1" 200 384
::1 - - [13/Jul/2018:13:27:51 +0300] "GET /ism/css/my-slider.css HTTP/1.1" 200 17104
::1 - - [13/Jul/2018:13:27:51 +0300] "GET /vendor/jquery/jquery.min.js HTTP/1.1" 304 -
::1 - - [13/Jul/2018:13:27:51 +0300] "GET /image/sclogo.png HTTP/1.1" 200 20042
::1 - - [13/Jul/2018:13:27:51 +0300] "GET /image/disclite5ac.jpg HTTP/1.1" 200 11192
::1 - - [13/Jul/2018:13:27:51 +0300] "GET /image/lhg5ac.jpg HTTP/1.1" 200 231581
::1 - - [13/Jul/2018:13:27:51 +0300] "GET /ism/image/slides/renew.png HTTP/1.1" 304 -
::1 - - [13/Jul/2018:13:27:51 +0300] "GET /ism/image/slides/install.png HTTP/1.1" 304 -
::1 - - [13/Jul/2018:13:27:51 +0300] "GET /ism/image/slides/front.png HTTP/1.1" 304 -
::1 - - [13/Jul/2018:13:27:51 +0300] "GET /ism/image/slides/hotspot.png HTTP/1.1" 304 -
::1 - - [13/Jul/2018:13:29:26 +0300] "GET /install.html HTTP/1.1" 200 6357
::1 - - [13/Jul/2018:13:29:26 +0300] "GET /ism/js/ism-2.2.min.js HTTP/1.1" 304 -
::1 - - [13/Jul/2018:13:29:26 +0300] "GET /vendor/jquery/jquery.min.js HTTP/1.1" 304 -
::1 - - [13/Jul/2018:13:29:26 +0300] "GET /ism/css/my-slider.css HTTP/1.1" 200 17104
::1 - - [13/Jul/2018:13:29:26 +0300] "GET /vendor/bootstrap/js/bootstrap.bundle.min.js HTTP/1.1" 304 -
::1 - - [13/Jul/2018:13:29:26 +0300] "GET /css/heroic-features.css HTTP/1.1" 200 384
::1 - - [13/Jul/2018:13:29:26 +0300] "GET /image/home.png HTTP/1.1" 200 28753
::1 - - [13/Jul/2018:13:29:26 +0300] "GET /image/router.png HTTP/1.1" 200 28388
::1 - - [13/Jul/2018:13:29:26 +0300] "GET /image/cloud.png HTTP/1.1" 200 29818
::1 - - [13/Jul/2018:13:29:26 +0300] "GET /vendor/bootstrap/css/bootstrap.min.css HTTP/1.1" 200 140930
::1 - - [13/Jul/2018:13:29:26 +0300] "GET /image/sclogo.png HTTP/1.1" 200 20042
::1 - - [13/Jul/2018:13:29:26 +0300] "GET /ism/image/slides/renew.png HTTP/1.1" 304 -
::1 - - [13/Jul/2018:13:29:26 +0300] "GET /ism/image/slides/install.png HTTP/1.1" 304 -
::1 - - [13/Jul/2018:13:29:26 +0300] "GET /ism/image/slides/front.png HTTP/1.1" 304 -
::1 - - [13/Jul/2018:13:29:26 +0300] "GET /ism/image/slides/hotspot.png HTTP/1.1" 304 -
::1 - - [13/Jul/2018:13:31:51 +0300] "GET /install.html HTTP/1.1" 200 6387
::1 - - [13/Jul/2018:13:31:51 +0300] "GET /ism/css/my-slider.css HTTP/1.1" 304 -
::1 - - [13/Jul/2018:13:31:51 +0300] "GET /css/heroic-features.css HTTP/1.1" 304 -
::1 - - [13/Jul/2018:13:31:51 +0300] "GET /ism/js/ism-2.2.min.js HTTP/1.1" 304 -
::1 - - [13/Jul/2018:13:31:51 +0300] "GET /vendor/jquery/jquery.min.js HTTP/1.1" 304 -
::1 - - [13/Jul/2018:13:31:51 +0300] "GET /vendor/bootstrap/css/bootstrap.min.css HTTP/1.1" 200 140930
::1 - - [13/Jul/2018:13:31:51 +0300] "GET /image/disc.jpg HTTP/1.1" 200 11192
::1 - - [13/Jul/2018:13:31:51 +0300] "GET /vendor/bootstrap/js/bootstrap.bundle.min.js HTTP/1.1" 304 -
::1 - - [13/Jul/2018:13:31:51 +0300] "GET /image/sclogo.png HTTP/1.1" 200 20042
::1 - - [13/Jul/2018:13:31:51 +0300] "GET /image/router.png HTTP/1.1" 200 28388
::1 - - [13/Jul/2018:13:31:51 +0300] "GET /image/home.png HTTP/1.1" 200 28753
::1 - - [13/Jul/2018:13:31:51 +0300] "GET /ism/image/slides/install.png HTTP/1.1" 304 -
::1 - - [13/Jul/2018:13:31:51 +0300] "GET /ism/image/slides/front.png HTTP/1.1" 304 -
::1 - - [13/Jul/2018:13:31:51 +0300] "GET /ism/image/slides/renew.png HTTP/1.1" 304 -
::1 - - [13/Jul/2018:13:31:51 +0300] "GET /ism/image/slides/hotspot.png HTTP/1.1" 304 -
::1 - - [13/Jul/2018:13:32:38 +0300] "GET /install.html HTTP/1.1" 200 6386
::1 - - [13/Jul/2018:13:32:38 +0300] "GET /ism/js/ism-2.2.min.js HTTP/1.1" 304 -
::1 - - [13/Jul/2018:13:32:38 +0300] "GET /vendor/bootstrap/css/bootstrap.min.css HTTP/1.1" 200 140930
::1 - - [13/Jul/2018:13:32:38 +0300] "GET /vendor/bootstrap/js/bootstrap.bundle.min.js HTTP/1.1" 304 -
::1 - - [13/Jul/2018:13:32:38 +0300] "GET /vendor/jquery/jquery.min.js HTTP/1.1" 304 -
::1 - - [13/Jul/2018:13:32:38 +0300] "GET /ism/css/my-slider.css HTTP/1.1" 200 17104
::1 - - [13/Jul/2018:13:32:38 +0300] "GET /css/heroic-features.css HTTP/1.1" 200 384
::1 - - [13/Jul/2018:13:32:38 +0300] "GET /image/sclogo.png HTTP/1.1" 200 20042
::1 - - [13/Jul/2018:13:32:38 +0300] "GET /image/router.png HTTP/1.1" 200 28388
::1 - - [13/Jul/2018:13:32:38 +0300] "GET /image/disc.jpg HTTP/1.1" 200 11192
::1 - - [13/Jul/2018:13:32:38 +0300] "GET /image/home.png HTTP/1.1" 200 28753
::1 - - [13/Jul/2018:13:32:38 +0300] "GET /ism/image/slides/install.png HTTP/1.1" 304 -
::1 - - [13/Jul/2018:13:32:38 +0300] "GET /ism/image/slides/front.png HTTP/1.1" 304 -
::1 - - [13/Jul/2018:13:32:38 +0300] "GET /ism/image/slides/hotspot.png HTTP/1.1" 304 -
::1 - - [13/Jul/2018:13:32:38 +0300] "GET /ism/image/slides/renew.png HTTP/1.1" 304 -
::1 - - [13/Jul/2018:13:33:03 +0300] "GET /index.html HTTP/1.1" 200 6604
::1 - - [13/Jul/2018:13:33:03 +0300] "GET /image/cloud.png HTTP/1.1" 200 29818
::1 - - [13/Jul/2018:13:33:03 +0300] "GET /image/sclogo.png HTTP/1.1" 200 20042
::1 - - [13/Jul/2018:13:33:03 +0300] "GET /image/router.png HTTP/1.1" 200 28388
::1 - - [13/Jul/2018:13:33:03 +0300] "GET /image/home.png HTTP/1.1" 200 28753
::1 - - [13/Jul/2018:13:33:04 +0300] "GET /install.html HTTP/1.1" 200 6386
::1 - - [13/Jul/2018:13:33:04 +0300] "GET /image/disc.jpg HTTP/1.1" 200 11192
::1 - - [13/Jul/2018:13:34:11 +0300] "GET /install.html HTTP/1.1" 200 6400
::1 - - [13/Jul/2018:13:34:11 +0300] "GET /vendor/bootstrap/css/bootstrap.min.css HTTP/1.1" 304 -
::1 - - [13/Jul/2018:13:34:11 +0300] "GET /ism/js/ism-2.2.min.js HTTP/1.1" 304 -
::1 - - [13/Jul/2018:13:34:11 +0300] "GET /vendor/jquery/jquery.min.js HTTP/1.1" 304 -
::1 - - [13/Jul/2018:13:34:11 +0300] "GET /ism/css/my-slider.css HTTP/1.1" 200 17104
::1 - - [13/Jul/2018:13:34:11 +0300] "GET /css/heroic-features.css HTTP/1.1" 200 384
::1 - - [13/Jul/2018:13:34:11 +0300] "GET /vendor/bootstrap/js/bootstrap.bundle.min.js HTTP/1.1" 304 -
::1 - - [13/Jul/2018:13:34:11 +0300] "GET /image/lhg.png HTTP/1.1" 404 211
::1 - - [13/Jul/2018:13:34:11 +0300] "GET /image/sclogo.png HTTP/1.1" 304 -
::1 - - [13/Jul/2018:13:34:11 +0300] "GET /ism/image/slides/install.png HTTP/1.1" 304 -
::1 - - [13/Jul/2018:13:34:11 +0300] "GET /ism/image/slides/renew.png HTTP/1.1" 304 -
::1 - - [13/Jul/2018:13:34:11 +0300] "GET /ism/image/slides/hotspot.png HTTP/1.1" 304 -
::1 - - [13/Jul/2018:13:34:11 +0300] "GET /image/disc.jpg HTTP/1.1" 200 11192
::1 - - [13/Jul/2018:13:34:11 +0300] "GET /ism/image/slides/front.png HTTP/1.1" 304 -
::1 - - [13/Jul/2018:13:34:11 +0300] "GET /image/lhg.png HTTP/1.1" 404 211
::1 - - [13/Jul/2018:13:34:11 +0300] "GET /image/home.png HTTP/1.1" 304 -
::1 - - [13/Jul/2018:14:15:19 +0300] "GET /install.html HTTP/1.1" 200 6383
::1 - - [13/Jul/2018:14:15:19 +0300] "GET /ism/js/ism-2.2.min.js HTTP/1.1" 304 -
::1 - - [13/Jul/2018:14:15:19 +0300] "GET /css/heroic-features.css HTTP/1.1" 200 384
::1 - - [13/Jul/2018:14:15:19 +0300] "GET /ism/css/my-slider.css HTTP/1.1" 200 17104
::1 - - [13/Jul/2018:14:15:19 +0300] "GET /vendor/bootstrap/css/bootstrap.min.css HTTP/1.1" 200 140930
::1 - - [13/Jul/2018:14:15:19 +0300] "GET /image/lhg.jpg HTTP/1.1" 200 231581
::1 - - [13/Jul/2018:14:15:19 +0300] "GET /image/sclogo.png HTTP/1.1" 200 20042
::1 - - [13/Jul/2018:14:15:19 +0300] "GET /ism/image/slides/renew.png HTTP/1.1" 304 -
::1 - - [13/Jul/2018:14:15:19 +0300] "GET /ism/image/slides/install.png HTTP/1.1" 304 -
::1 - - [13/Jul/2018:14:15:19 +0300] "GET /ism/image/slides/front.png HTTP/1.1" 304 -
::1 - - [13/Jul/2018:14:15:19 +0300] "GET /vendor/bootstrap/js/bootstrap.bundle.min.js HTTP/1.1" 304 -
::1 - - [13/Jul/2018:14:15:19 +0300] "GET /vendor/jquery/jquery.min.js HTTP/1.1" 304 -
::1 - - [13/Jul/2018:14:15:19 +0300] "GET /ism/image/slides/hotspot.png HTTP/1.1" 304 -
::1 - - [13/Jul/2018:14:15:19 +0300] "GET /image/disc.jpg HTTP/1.1" 200 11192
::1 - - [13/Jul/2018:14:22:40 +0300] "GET /install.html HTTP/1.1" 200 6433
::1 - - [13/Jul/2018:14:22:40 +0300] "GET /css/heroic-features.css HTTP/1.1" 200 384
::1 - - [13/Jul/2018:14:22:40 +0300] "GET /css/bootstrap/css/bootstrap.min.css HTTP/1.1" 200 140930
::1 - - [13/Jul/2018:14:22:40 +0300] "GET /css/slider/ism/js/ism-2.2.min.js HTTP/1.1" 200 27296
::1 - - [13/Jul/2018:14:22:40 +0300] "GET /css/slider/ism/css/my-slider.css HTTP/1.1" 200 17104
::1 - - [13/Jul/2018:14:22:40 +0300] "GET /image/disc.jpg HTTP/1.1" 200 11192
::1 - - [13/Jul/2018:14:22:40 +0300] "GET /image/sclogo.png HTTP/1.1" 200 20042
::1 - - [13/Jul/2018:14:22:40 +0300] "GET /image/lhg.jpg HTTP/1.1" 200 231581
::1 - - [13/Jul/2018:14:22:40 +0300] "GET /css/bootstrap/js/bootstrap.bundle.min.js HTTP/1.1" 200 70682
::1 - - [13/Jul/2018:14:22:40 +0300] "GET /ism/image/slides/install.png HTTP/1.1" 304 -
::1 - - [13/Jul/2018:14:22:40 +0300] "GET /ism/image/slides/renew.png HTTP/1.1" 304 -
::1 - - [13/Jul/2018:14:22:40 +0300] "GET /ism/image/slides/front.png HTTP/1.1" 304 -
::1 - - [13/Jul/2018:14:22:40 +0300] "GET /ism/image/slides/hotspot.png HTTP/1.1" 304 -
::1 - - [13/Jul/2018:14:22:40 +0300] "GET /css/jquery/jquery.min.js HTTP/1.1" 200 86927
::1 - - [13/Jul/2018:14:22:44 +0300] "GET /index.html HTTP/1.1" 200 6604
::1 - - [13/Jul/2018:14:22:44 +0300] "GET /ism/css/my-slider.css HTTP/1.1" 200 17104
::1 - - [13/Jul/2018:14:22:44 +0300] "GET /vendor/bootstrap/css/bootstrap.min.css HTTP/1.1" 200 140930
::1 - - [13/Jul/2018:14:22:44 +0300] "GET /image/cloud.png HTTP/1.1" 200 29818
::1 - - [13/Jul/2018:14:22:44 +0300] "GET /image/router.png HTTP/1.1" 200 28388
::1 - - [13/Jul/2018:14:22:44 +0300] "GET /image/home.png HTTP/1.1" 200 28753
::1 - - [13/Jul/2018:14:25:24 +0300] "GET /index.html HTTP/1.1" 200 6368
::1 - - [13/Jul/2018:14:25:24 +0300] "GET /css/slider/ism/js/ism-2.2.min.js HTTP/1.1" 304 -
::1 - - [13/Jul/2018:14:25:24 +0300] "GET /css/slider/ism/css/my-slider.css HTTP/1.1" 200 17104
::1 - - [13/Jul/2018:14:25:24 +0300] "GET /css/heroic-features.css HTTP/1.1" 304 -
::1 - - [13/Jul/2018:14:25:24 +0300] "GET /css/jquery/jquery.min.js HTTP/1.1" 304 -
::1 - - [13/Jul/2018:14:25:24 +0300] "GET /css/bootstrap/js/bootstrap.bundle.min.js HTTP/1.1" 304 -
::1 - - [13/Jul/2018:14:25:24 +0300] "GET /css/bootstrap/css/bootstrap.min.css HTTP/1.1" 200 140930
::1 - - [13/Jul/2018:14:25:24 +0300] "GET /image/sclogo.png HTTP/1.1" 304 -
::1 - - [13/Jul/2018:14:25:24 +0300] "GET /ism/image/slides/front.png HTTP/1.1" 404 224
::1 - - [13/Jul/2018:14:25:24 +0300] "GET /ism/image/slides/renew.png HTTP/1.1" 404 224
::1 - - [13/Jul/2018:14:25:24 +0300] "GET /ism/image/slides/install.png HTTP/1.1" 404 226
::1 - - [13/Jul/2018:14:25:24 +0300] "GET /ism/image/slides/hotspot.png HTTP/1.1" 404 226
::1 - - [13/Jul/2018:14:25:24 +0300] "GET /image/cloud.png HTTP/1.1" 304 -
::1 - - [13/Jul/2018:14:25:24 +0300] "GET /image/router.png HTTP/1.1" 304 -
::1 - - [13/Jul/2018:14:25:24 +0300] "GET /image/home.png HTTP/1.1" 304 -
::1 - - [13/Jul/2018:14:25:24 +0300] "GET /ism/image/slides/front.png HTTP/1.1" 404 224
::1 - - [13/Jul/2018:14:25:24 +0300] "GET /ism/image/slides/renew.png HTTP/1.1" 404 224
::1 - - [13/Jul/2018:14:25:24 +0300] "GET /ism/image/slides/install.png HTTP/1.1" 404 226
::1 - - [13/Jul/2018:14:25:24 +0300] "GET /ism/image/slides/hotspot.png HTTP/1.1" 404 226
::1 - - [13/Jul/2018:14:29:30 +0300] "GET /index.html HTTP/1.1" 200 6412
::1 - - [13/Jul/2018:14:29:30 +0300] "GET /css/bootstrap/css/bootstrap.min.css HTTP/1.1" 304 -
::1 - - [13/Jul/2018:14:29:30 +0300] "GET /css/slider/ism/css/my-slider.css HTTP/1.1" 304 -
::1 - - [13/Jul/2018:14:29:30 +0300] "GET /css/heroic-features.css HTTP/1.1" 304 -
::1 - - [13/Jul/2018:14:29:30 +0300] "GET /css/jquery/jquery.min.js HTTP/1.1" 304 -
::1 - - [13/Jul/2018:14:29:30 +0300] "GET /ism/image/slides/renew.png HTTP/1.1" 404 224
::1 - - [13/Jul/2018:14:29:30 +0300] "GET /css/slider/ism/js/ism-2.2.min.js HTTP/1.1" 304 -
::1 - - [13/Jul/2018:14:29:30 +0300] "GET /css/bootstrap/js/bootstrap.bundle.min.js HTTP/1.1" 304 -
::1 - - [13/Jul/2018:14:29:30 +0300] "GET /css/slider/ism/image/slides/front.png HTTP/1.1" 200 520616
::1 - - [13/Jul/2018:14:29:30 +0300] "GET /css/slider/ism/image/slides/install.png HTTP/1.1" 200 477608
::1 - - [13/Jul/2018:14:29:30 +0300] "GET /css/slider/ism/image/slides/hotspot.png HTTP/1.1" 200 499955
::1 - - [13/Jul/2018:14:29:30 +0300] "GET /image/sclogo.png HTTP/1.1" 304 -
::1 - - [13/Jul/2018:14:29:30 +0300] "GET /image/cloud.png HTTP/1.1" 304 -
::1 - - [13/Jul/2018:14:29:30 +0300] "GET /ism/image/slides/renew.png HTTP/1.1" 404 224
::1 - - [13/Jul/2018:14:29:30 +0300] "GET /image/router.png HTTP/1.1" 304 -
::1 - - [13/Jul/2018:14:29:30 +0300] "GET /image/home.png HTTP/1.1" 304 -
::1 - - [13/Jul/2018:14:29:30 +0300] "GET /ism/image/slides/renew.png HTTP/1.1" 404 224
::1 - - [13/Jul/2018:14:30:06 +0300] "GET /index.html HTTP/1.1" 200 6423
::1 - - [13/Jul/2018:14:30:06 +0300] "GET /css/bootstrap/css/bootstrap.min.css HTTP/1.1" 304 -
::1 - - [13/Jul/2018:14:30:06 +0300] "GET /css/heroic-features.css HTTP/1.1" 304 -
::1 - - [13/Jul/2018:14:30:06 +0300] "GET /css/jquery/jquery.min.js HTTP/1.1" 304 -
::1 - - [13/Jul/2018:14:30:06 +0300] "GET /css/slider/ism/js/ism-2.2.min.js HTTP/1.1" 304 -
::1 - - [13/Jul/2018:14:30:06 +0300] "GET /css/slider/ism/css/my-slider.css HTTP/1.1" 304 -
::1 - - [13/Jul/2018:14:30:06 +0300] "GET /css/slider/ism/image/slides/renew.png HTTP/1.1" 200 457785
::1 - - [13/Jul/2018:14:30:06 +0300] "GET /image/sclogo.png HTTP/1.1" 304 -
::1 - - [13/Jul/2018:14:30:06 +0300] "GET /css/slider/ism/image/slides/front.png HTTP/1.1" 304 -
::1 - - [13/Jul/2018:14:30:06 +0300] "GET /css/slider/ism/image/slides/install.png HTTP/1.1" 304 -
::1 - - [13/Jul/2018:14:30:06 +0300] "GET /css/slider/ism/image/slides/hotspot.png HTTP/1.1" 304 -
::1 - - [13/Jul/2018:14:30:06 +0300] "GET /image/cloud.png HTTP/1.1" 304 -
::1 - - [13/Jul/2018:14:30:06 +0300] "GET /image/router.png HTTP/1.1" 304 -
::1 - - [13/Jul/2018:14:30:06 +0300] "GET /image/home.png HTTP/1.1" 304 -
::1 - - [13/Jul/2018:14:30:06 +0300] "GET /css/bootstrap/js/bootstrap.bundle.min.js HTTP/1.1" 304 -
::1 - - [13/Jul/2018:14:30:33 +0300] "GET /install.html HTTP/1.1" 200 6488
::1 - - [13/Jul/2018:14:30:33 +0300] "GET /image/disc.jpg HTTP/1.1" 200 11192
::1 - - [13/Jul/2018:14:30:33 +0300] "GET /image/lhg.jpg HTTP/1.1" 200 231581
::1 - - [13/Jul/2018:14:32:29 +0300] "GET /install.html HTTP/1.1" 200 6808
::1 - - [13/Jul/2018:14:32:29 +0300] "GET /css/bootstrap/css/bootstrap.min.css HTTP/1.1" 304 -
::1 - - [13/Jul/2018:14:32:29 +0300] "GET /css/heroic-features.css HTTP/1.1" 304 -
::1 - - [13/Jul/2018:14:32:29 +0300] "GET /css/jquery/jquery.min.js HTTP/1.1" 304 -
::1 - - [13/Jul/2018:14:32:29 +0300] "GET /css/bootstrap/js/bootstrap.bundle.min.js HTTP/1.1" 304 -
::1 - - [13/Jul/2018:14:32:29 +0300] "GET /css/slider/ism/js/ism-2.2.min.js HTTP/1.1" 304 -
::1 - - [13/Jul/2018:14:32:29 +0300] "GET /css/slider/ism/css/my-slider.css HTTP/1.1" 304 -
::1 - - [13/Jul/2018:14:32:29 +0300] "GET /image/sclogo.png HTTP/1.1" 304 -
::1 - - [13/Jul/2018:14:32:29 +0300] "GET /css/slider/ism/image/slides/install.png HTTP/1.1" 304 -
::1 - - [13/Jul/2018:14:32:29 +0300] "GET /css/slider/ism/image/slides/renew.png HTTP/1.1" 304 -
::1 - - [13/Jul/2018:14:32:29 +0300] "GET /css/slider/ism/image/slides/front.png HTTP/1.1" 304 -
::1 - - [13/Jul/2018:14:32:29 +0300] "GET /image/disc.jpg HTTP/1.1" 304 -
::1 - - [13/Jul/2018:14:32:29 +0300] "GET /css/slider/ism/image/slides/hotspot.png HTTP/1.1" 304 -
::1 - - [13/Jul/2018:14:32:29 +0300] "GET /image/lhg.jpg HTTP/1.1" 304 -
::1 - - [13/Jul/2018:14:32:54 +0300] "GET /install.html HTTP/1.1" 200 6822
::1 - - [13/Jul/2018:14:32:54 +0300] "GET /css/bootstrap/css/bootstrap.min.css HTTP/1.1" 304 -
::1 - - [13/Jul/2018:14:32:54 +0300] "GET /css/slider/ism/js/ism-2.2.min.js HTTP/1.1" 304 -
::1 - - [13/Jul/2018:14:32:54 +0300] "GET /css/slider/ism/css/my-slider.css HTTP/1.1" 304 -
::1 - - [13/Jul/2018:14:32:54 +0300] "GET /css/heroic-features.css HTTP/1.1" 304 -
::1 - - [13/Jul/2018:14:32:54 +0300] "GET /css/jquery/jquery.min.js HTTP/1.1" 304 -
::1 - - [13/Jul/2018:14:32:54 +0300] "GET /css/bootstrap/js/bootstrap.bundle.min.js HTTP/1.1" 304 -
::1 - - [13/Jul/2018:14:32:54 +0300] "GET /image/sclogo.png HTTP/1.1" 304 -
::1 - - [13/Jul/2018:14:32:54 +0300] "GET /css/slider/ism/image/slides/install.png HTTP/1.1" 304 -
::1 - - [13/Jul/2018:14:32:54 +0300] "GET /css/slider/ism/image/slides/renew.png HTTP/1.1" 304 -
::1 - - [13/Jul/2018:14:32:54 +0300] "GET /css/slider/ism/image/slides/front.png HTTP/1.1" 304 -
::1 - - [13/Jul/2018:14:32:54 +0300] "GET /css/slider/ism/image/slides/hotspot.png HTTP/1.1" 304 -
::1 - - [13/Jul/2018:14:32:54 +0300] "GET /image/disc.jpg HTTP/1.1" 304 -
::1 - - [13/Jul/2018:14:32:54 +0300] "GET /image/lhg.jpg HTTP/1.1" 304 -
::1 - - [13/Jul/2018:14:33:22 +0300] "GET /install.html HTTP/1.1" 200 6836
::1 - - [13/Jul/2018:14:33:22 +0300] "GET /css/bootstrap/css/bootstrap.min.css HTTP/1.1" 304 -
::1 - - [13/Jul/2018:14:33:22 +0300] "GET /css/jquery/jquery.min.js HTTP/1.1" 304 -
::1 - - [13/Jul/2018:14:33:22 +0300] "GET /css/slider/ism/js/ism-2.2.min.js HTTP/1.1" 304 -
::1 - - [13/Jul/2018:14:33:22 +0300] "GET /css/heroic-features.css HTTP/1.1" 304 -
::1 - - [13/Jul/2018:14:33:22 +0300] "GET /css/slider/ism/css/my-slider.css HTTP/1.1" 304 -
::1 - - [13/Jul/2018:14:33:22 +0300] "GET /css/bootstrap/js/bootstrap.bundle.min.js HTTP/1.1" 304 -
::1 - - [13/Jul/2018:14:33:22 +0300] "GET /image/sclogo.png HTTP/1.1" 304 -
::1 - - [13/Jul/2018:14:33:22 +0300] "GET /css/slider/ism/image/slides/install.png HTTP/1.1" 304 -
::1 - - [13/Jul/2018:14:33:22 +0300] "GET /css/slider/ism/image/slides/front.png HTTP/1.1" 304 -
::1 - - [13/Jul/2018:14:33:22 +0300] "GET /css/slider/ism/image/slides/hotspot.png HTTP/1.1" 304 -
::1 - - [13/Jul/2018:14:33:22 +0300] "GET /image/disc.jpg HTTP/1.1" 304 -
::1 - - [13/Jul/2018:14:33:22 +0300] "GET /css/slider/ism/image/slides/renew.png HTTP/1.1" 304 -
::1 - - [13/Jul/2018:14:33:22 +0300] "GET /image/lhg.jpg HTTP/1.1" 304 -
::1 - - [13/Jul/2018:14:34:07 +0300] "GET /install.html HTTP/1.1" 200 9067
::1 - - [13/Jul/2018:14:34:08 +0300] "GET /css/bootstrap/css/bootstrap.min.css HTTP/1.1" 304 -
::1 - - [13/Jul/2018:14:34:08 +0300] "GET /css/slider/ism/css/my-slider.css HTTP/1.1" 304 -
::1 - - [13/Jul/2018:14:34:08 +0300] "GET /css/slider/ism/js/ism-2.2.min.js HTTP/1.1" 304 -
::1 - - [13/Jul/2018:14:34:08 +0300] "GET /css/heroic-features.css HTTP/1.1" 304 -
::1 - - [13/Jul/2018:14:34:08 +0300] "GET /css/jquery/jquery.min.js HTTP/1.1" 304 -
::1 - - [13/Jul/2018:14:34:08 +0300] "GET /css/bootstrap/js/bootstrap.bundle.min.js HTTP/1.1" 304 -
::1 - - [13/Jul/2018:14:34:08 +0300] "GET /image/sclogo.png HTTP/1.1" 304 -
::1 - - [13/Jul/2018:14:34:08 +0300] "GET /css/slider/ism/image/slides/install.png HTTP/1.1" 304 -
::1 - - [13/Jul/2018:14:34:08 +0300] "GET /css/slider/ism/image/slides/renew.png HTTP/1.1" 304 -
::1 - - [13/Jul/2018:14:34:08 +0300] "GET /css/slider/ism/image/slides/front.png HTTP/1.1" 304 -
::1 - - [13/Jul/2018:14:34:08 +0300] "GET /css/slider/ism/image/slides/hotspot.png HTTP/1.1" 304 -
::1 - - [13/Jul/2018:14:34:08 +0300] "GET /image/disc.jpg HTTP/1.1" 304 -
::1 - - [13/Jul/2018:14:34:08 +0300] "GET /image/lhg.jpg HTTP/1.1" 304 -
::1 - - [13/Jul/2018:14:44:37 +0300] "GET /install.html HTTP/1.1" 200 9074
::1 - - [13/Jul/2018:14:44:37 +0300] "GET /image/dishjpg HTTP/1.1" 404 211
::1 - - [13/Jul/2018:14:44:37 +0300] "GET /css/heroic-features.css HTTP/1.1" 200 384
::1 - - [13/Jul/2018:14:44:37 +0300] "GET /css/slider/ism/css/my-slider.css HTTP/1.1" 200 17104
::1 - - [13/Jul/2018:14:44:37 +0300] "GET /css/bootstrap/css/bootstrap.min.css HTTP/1.1" 200 140930
::1 - - [13/Jul/2018:14:44:37 +0300] "GET /css/slider/ism/js/ism-2.2.min.js HTTP/1.1" 304 -
::1 - - [13/Jul/2018:14:44:37 +0300] "GET /image/dishjpg HTTP/1.1" 404 211
::1 - - [13/Jul/2018:14:44:37 +0300] "GET /image/disc.jpg HTTP/1.1" 200 11192
::1 - - [13/Jul/2018:14:44:37 +0300] "GET /image/sclogo.png HTTP/1.1" 200 20042
::1 - - [13/Jul/2018:14:44:37 +0300] "GET /css/jquery/jquery.min.js HTTP/1.1" 304 -
::1 - - [13/Jul/2018:14:44:37 +0300] "GET /image/lhg.jpg HTTP/1.1" 200 231581
::1 - - [13/Jul/2018:14:44:37 +0300] "GET /css/bootstrap/js/bootstrap.bundle.min.js HTTP/1.1" 304 -
::1 - - [13/Jul/2018:14:44:37 +0300] "GET /css/slider/ism/image/slides/install.png HTTP/1.1" 304 -
::1 - - [13/Jul/2018:14:44:37 +0300] "GET /css/slider/ism/image/slides/front.png HTTP/1.1" 304 -
::1 - - [13/Jul/2018:14:44:37 +0300] "GET /css/slider/ism/image/slides/renew.png HTTP/1.1" 304 -
::1 - - [13/Jul/2018:14:44:37 +0300] "GET /css/slider/ism/image/slides/hotspot.png HTTP/1.1" 304 -
::1 - - [13/Jul/2018:14:47:08 +0300] "GET /install.html HTTP/1.1" 200 9090
::1 - - [13/Jul/2018:14:47:08 +0300] "GET /css/slider/ism/js/ism-2.2.min.js HTTP/1.1" 304 -
::1 - - [13/Jul/2018:14:47:08 +0300] "GET /css/bootstrap/js/bootstrap.bundle.min.js HTTP/1.1" 304 -
::1 - - [13/Jul/2018:14:47:08 +0300] "GET /css/jquery/jquery.min.js HTTP/1.1" 304 -
::1 - - [13/Jul/2018:14:47:08 +0300] "GET /css/slider/ism/css/my-slider.css HTTP/1.1" 200 17104
::1 - - [13/Jul/2018:14:47:08 +0300] "GET /css/bootstrap/css/bootstrap.min.css HTTP/1.1" 200 140930
::1 - - [13/Jul/2018:14:47:13 +0300] "GET /css/heroic-features.css HTTP/1.1" 200 384
::1 - - [13/Jul/2018:14:47:13 +0300] "GET /image/dish.jpg HTTP/1.1" 200 91646
::1 - - [13/Jul/2018:14:47:13 +0300] "GET /image/sclogo.png HTTP/1.1" 200 20042
::1 - - [13/Jul/2018:14:47:13 +0300] "GET /css/slider/ism/image/slides/hotspot.png HTTP/1.1" 304 -
::1 - - [13/Jul/2018:14:47:13 +0300] "GET /image/disc.jpg HTTP/1.1" 200 11192
::1 - - [13/Jul/2018:14:47:13 +0300] "GET /css/slider/ism/image/slides/install.png HTTP/1.1" 304 -
::1 - - [13/Jul/2018:14:47:13 +0300] "GET /css/slider/ism/image/slides/front.png HTTP/1.1" 304 -
::1 - - [13/Jul/2018:14:47:13 +0300] "GET /image/lhg.jpg HTTP/1.1" 200 231581
::1 - - [13/Jul/2018:14:47:13 +0300] "GET /css/slider/ism/image/slides/renew.png HTTP/1.1" 304 -
